2023-03-18T14:21:13.349350+00:00 INFO 'ansible_navigator.setup_logger' New ansible-navigator instance, logging initialized
2023-03-18T14:21:13.349684+00:00 INFO 'ansible_navigator.setup_logger' New ansible-runner instance, logging initialized
2023-03-18T14:21:13.349750+00:00 DEBUG 'ansible_navigator.main' ansible-builder==1.2.0 /home/amsoh/.local/lib/python3.9/site-packages
2023-03-18T14:21:13.349790+00:00 DEBUG 'ansible_navigator.main' ansible-core==2.13.3 /usr/lib/python3.9/site-packages
2023-03-18T14:21:13.349826+00:00 DEBUG 'ansible_navigator.main' ansible-navigator==2.2.0 /home/amsoh/.local/lib/python3.9/site-packages
2023-03-18T14:21:13.349857+00:00 DEBUG 'ansible_navigator.main' ansible-runner==2.3.2 /home/amsoh/.local/lib/python3.9/site-packages
2023-03-18T14:21:13.349887+00:00 DEBUG 'ansible_navigator.main' attrs==22.2.0 /home/amsoh/.local/lib/python3.9/site-packages
2023-03-18T14:21:13.349917+00:00 DEBUG 'ansible_navigator.main' bindep==2.11.0 /home/amsoh/.local/lib/python3.9/site-packages
2023-03-18T14:21:13.349947+00:00 DEBUG 'ansible_navigator.main' cffi==1.14.3 /usr/lib64/python3.9/site-packages
2023-03-18T14:21:13.349977+00:00 DEBUG 'ansible_navigator.main' cryptography==3.3.1 /usr/lib64/python3.9/site-packages
2023-03-18T14:21:13.350006+00:00 DEBUG 'ansible_navigator.main' distro==1.8.0 /home/amsoh/.local/lib/python3.9/site-packages
2023-03-18T14:21:13.350034+00:00 DEBUG 'ansible_navigator.main' docutils==0.19 /home/amsoh/.local/lib/python3.9/site-packages
2023-03-18T14:21:13.350061+00:00 DEBUG 'ansible_navigator.main' idna==2.10 /usr/lib/python3.9/site-packages
2023-03-18T14:21:13.350091+00:00 DEBUG 'ansible_navigator.main' jinja2==3.1.2 /home/amsoh/.local/lib/python3.9/site-packages
2023-03-18T14:21:13.350121+00:00 DEBUG 'ansible_navigator.main' jsonschema==4.17.3 /home/amsoh/.local/lib/python3.9/site-packages
2023-03-18T14:21:13.350148+00:00 DEBUG 'ansible_navigator.main' lockfile==0.12.2 /home/amsoh/.local/lib/python3.9/site-packages
2023-03-18T14:21:13.350175+00:00 DEBUG 'ansible_navigator.main' markupsafe==2.1.2 /home/amsoh/.local/lib/python3.9/site-packages
2023-03-18T14:21:13.350204+00:00 DEBUG 'ansible_navigator.main' onigurumacffi==1.2.0 /home/amsoh/.local/lib/python3.9/site-packages
2023-03-18T14:21:13.350232+00:00 DEBUG 'ansible_navigator.main' packaging==23.0 /home/amsoh/.local/lib/python3.9/site-packages
2023-03-18T14:21:13.350260+00:00 DEBUG 'ansible_navigator.main' parsley==1.3 /home/amsoh/.local/lib/python3.9/site-packages
2023-03-18T14:21:13.350285+00:00 DEBUG 'ansible_navigator.main' pbr==5.11.1 /home/amsoh/.local/lib/python3.9/site-packages
2023-03-18T14:21:13.350312+00:00 DEBUG 'ansible_navigator.main' pexpect==4.8.0 /home/amsoh/.local/lib/python3.9/site-packages
2023-03-18T14:21:13.350341+00:00 DEBUG 'ansible_navigator.main' pip==20.2.4 /usr/lib/python3.9/site-packages
2023-03-18T14:21:13.350366+00:00 DEBUG 'ansible_navigator.main' ply==3.11 /usr/lib/python3.9/site-packages
2023-03-18T14:21:13.350396+00:00 DEBUG 'ansible_navigator.main' ptyprocess==0.7.0 /home/amsoh/.local/lib/python3.9/site-packages
2023-03-18T14:21:13.350425+00:00 DEBUG 'ansible_navigator.main' pycparser==2.20 /usr/lib/python3.9/site-packages
2023-03-18T14:21:13.350456+00:00 DEBUG 'ansible_navigator.main' pyrsistent==0.19.3 /home/amsoh/.local/lib/python3.9/site-packages
2023-03-18T14:21:13.350487+00:00 DEBUG 'ansible_navigator.main' python-daemon==3.0.1 /home/amsoh/.local/lib/python3.9/site-packages
2023-03-18T14:21:13.350518+00:00 DEBUG 'ansible_navigator.main' pyyaml==5.4.1 /usr/lib64/python3.9/site-packages
2023-03-18T14:21:13.350549+00:00 DEBUG 'ansible_navigator.main' requirements-parser==0.5.0 /home/amsoh/.local/lib/python3.9/site-packages
2023-03-18T14:21:13.350577+00:00 DEBUG 'ansible_navigator.main' setuptools==67.6.0 /home/amsoh/.local/lib/python3.9/site-packages
2023-03-18T14:21:13.350607+00:00 DEBUG 'ansible_navigator.main' six==1.15.0 /usr/lib/python3.9/site-packages
2023-03-18T14:21:13.350635+00:00 DEBUG 'ansible_navigator.main' types-setuptools==67.6.0.5 /home/amsoh/.local/lib/python3.9/site-packages
2023-03-18T14:21:13.350673+00:00 DEBUG 'ansible_navigator.main' tzdata==2022.7 /home/amsoh/.local/lib/python3.9/site-packages
2023-03-18T14:21:13.350706+00:00 DEBUG 'ansible_navigator.main' Share directory '/home/amsoh/.local/lib/python3.9/share/ansible_navigator' not found (development path)
2023-03-18T14:21:13.350738+00:00 DEBUG 'ansible_navigator.main' Share directory '/home/amsoh/.local/share/ansible_navigator' found (userbase)
2023-03-18T14:21:13.350770+00:00 DEBUG 'ansible_navigator.main' Default collection_doc_cache_path set to: /home/amsoh/.cache/ansible-navigator/collection_doc_cache.db
2023-03-18T14:21:13.350809+00:00 DEBUG 'ansible_navigator.main' EDITOR environment variable not set
2023-03-18T14:21:13.350842+00:00 DEBUG 'ansible_navigator.main' Default editor_command set to: vi +{line_number} {filename}
2023-03-18T14:21:13.350874+00:00 DEBUG 'ansible_navigator.main' No config file set by ANSIBLE_NAVIGATOR_CONFIG
2023-03-18T14:21:13.350907+00:00 DEBUG 'ansible_navigator.main' Looking in /home/amsoh
2023-03-18T14:21:13.350940+00:00 DEBUG 'ansible_navigator.main' Looking for '/home/amsoh/.ansible-navigator.yml', '/home/amsoh/.ansible-navigator.yaml' and '/home/amsoh/.ansible-navigator.json'
2023-03-18T14:21:13.350972+00:00 DEBUG 'ansible_navigator.main' Found 0: 
2023-03-18T14:21:13.351003+00:00 DEBUG 'ansible_navigator.main' Looking in /home/amsoh/Documents/Amy/VSC/AAPonazure/AAPonazure
2023-03-18T14:21:13.351036+00:00 DEBUG 'ansible_navigator.main' Looking for '/home/amsoh/Documents/Amy/VSC/AAPonazure/AAPonazure/ansible-navigator.yml', '/home/amsoh/Documents/Amy/VSC/AAPonazure/AAPonazure/ansible-navigator.yaml' and '/home/amsoh/Documents/Amy/VSC/AAPonazure/AAPonazure/ansible-navigator.json'
2023-03-18T14:21:13.351069+00:00 DEBUG 'ansible_navigator.main' Found 0: 
2023-03-18T14:21:13.351101+00:00 DEBUG 'ansible_navigator.main' All found 0: 
2023-03-18T14:21:13.351129+00:00 DEBUG 'ansible_navigator.main' Using: None
2023-03-18T14:21:13.351157+00:00 DEBUG 'ansible_navigator.main' No valid settings file found, using all default values for settings.
2023-03-18T14:21:13.351187+00:00 DEBUG 'ansible_navigator.main' Command provided: ''
2023-03-18T14:21:13.351217+00:00 DEBUG 'ansible_navigator.main' EE support enabled: using current working directory for 'ansible.cfg'
2023-03-18T14:21:13.351247+00:00 INFO 'ansible_navigator.main' EE support enabled: no 'ansible.cfg' found in current working directory. Tried /home/amsoh/Documents/Amy/VSC/AAPonazure/AAPonazure/ansible.cfg
2023-03-18T14:21:13.351278+00:00 DEBUG 'ansible_navigator.main' Completed post processing for ansible_runner_artifact_dir. (changed=False)
2023-03-18T14:21:13.351309+00:00 DEBUG 'ansible_navigator.main' Completed post processing for ansible_runner_rotate_artifacts_count. (changed=False)
2023-03-18T14:21:13.351340+00:00 DEBUG 'ansible_navigator.main' Completed post processing for ansible_runner_timeout. (changed=False)
2023-03-18T14:21:13.351370+00:00 DEBUG 'ansible_navigator.main' Completed post processing for cmdline. (changed=False)
2023-03-18T14:21:13.351402+00:00 DEBUG 'ansible_navigator.main' Completed post processing for collection_doc_cache_path. (changed=False)
2023-03-18T14:21:13.351432+00:00 DEBUG 'ansible_navigator.main' Completed post processing for container_engine. (changed=False)
2023-03-18T14:21:13.351460+00:00 DEBUG 'ansible_navigator.main' Completed post processing for container_options. (changed=False)
2023-03-18T14:21:13.351490+00:00 DEBUG 'ansible_navigator.main' Completed post processing for display_color. (changed=False)
2023-03-18T14:21:13.351520+00:00 DEBUG 'ansible_navigator.main' Completed post processing for execution_environment. (changed=False)
2023-03-18T14:21:13.351552+00:00 DEBUG 'ansible_navigator.main' Completed post processing for execution_environment_image. (changed=False)
2023-03-18T14:21:13.351582+00:00 DEBUG 'ansible_navigator.main' Completed post processing for help_builder. (changed=False)
2023-03-18T14:21:13.351611+00:00 DEBUG 'ansible_navigator.main' Completed post processing for help_config. (changed=False)
2023-03-18T14:21:13.351645+00:00 DEBUG 'ansible_navigator.main' Completed post processing for help_doc. (changed=False)
2023-03-18T14:21:13.351676+00:00 DEBUG 'ansible_navigator.main' Completed post processing for help_inventory. (changed=False)
2023-03-18T14:21:13.351706+00:00 DEBUG 'ansible_navigator.main' Completed post processing for help_playbook. (changed=False)
2023-03-18T14:21:13.351736+00:00 DEBUG 'ansible_navigator.main' Completed post processing for images_details. (changed=False)
2023-03-18T14:21:13.351767+00:00 DEBUG 'ansible_navigator.main' Completed post processing for inventory. (changed=False)
2023-03-18T14:21:13.351805+00:00 DEBUG 'ansible_navigator.main' Completed post processing for inventory_column. (changed=False)
2023-03-18T14:21:13.351836+00:00 DEBUG 'ansible_navigator.main' Completed post processing for log_file. (changed=False)
2023-03-18T14:21:13.351866+00:00 DEBUG 'ansible_navigator.main' Completed post processing for pass_environment_variable. (changed=False)
2023-03-18T14:21:13.351895+00:00 DEBUG 'ansible_navigator.main' Completed post processing for playbook. (changed=False)
2023-03-18T14:21:13.351926+00:00 DEBUG 'ansible_navigator.main' Completed post processing for playbook_artifact_replay. (changed=False)
2023-03-18T14:21:13.351956+00:00 DEBUG 'ansible_navigator.main' Completed post processing for playbook_artifact_save_as. (changed=False)
2023-03-18T14:21:13.351986+00:00 DEBUG 'ansible_navigator.main' Completed post processing for plugin_name. (changed=False)
2023-03-18T14:21:13.352015+00:00 DEBUG 'ansible_navigator.main' Completed post processing for pull_arguments. (changed=False)
2023-03-18T14:21:13.352045+00:00 DEBUG 'ansible_navigator.main' Completed post processing for set_environment_variable. (changed=False)
2023-03-18T14:21:13.352075+00:00 DEBUG 'ansible_navigator.main' Completed post processing for settings_effective. (changed=False)
2023-03-18T14:21:13.352105+00:00 DEBUG 'ansible_navigator.main' Completed post processing for settings_sample. (changed=False)
2023-03-18T14:21:13.352135+00:00 DEBUG 'ansible_navigator.main' Completed post processing for settings_schema. (changed=False)
2023-03-18T14:21:13.352166+00:00 DEBUG 'ansible_navigator.main' Completed post processing for settings_sources. (changed=False)
2023-03-18T14:21:13.352196+00:00 DEBUG 'ansible_navigator.main' Completed post processing for time_zone. (changed=False)
2023-03-18T14:21:13.352225+00:00 DEBUG 'ansible_navigator.main' Completed post processing for execution_environment_volume_mounts. (changed=False)
2023-03-18T14:21:13.352255+00:00 DEBUG 'ansible_navigator.main' Completed post processing for mode. (changed=False)
2023-03-18T14:21:13.352290+00:00 WARNING 'ansible_navigator.main' Configuration errors encountered, rolling back to previous configuration.
2023-03-18T14:21:13.352319+00:00 DEBUG 'ansible_navigator.main' Prior to rollback: ansible_runner_artifact_dir = 'Not set' (Constants/Not set)
2023-03-18T14:21:13.352349+00:00 DEBUG 'ansible_navigator.main' Prior to rollback: ansible_runner_rotate_artifacts_count = 'Not set' (Constants/Not set)
2023-03-18T14:21:13.352378+00:00 DEBUG 'ansible_navigator.main' Prior to rollback: ansible_runner_timeout = 'Not set' (Constants/Not set)
2023-03-18T14:21:13.352410+00:00 DEBUG 'ansible_navigator.main' Prior to rollback: app = 'welcome' (str/Defaults)
2023-03-18T14:21:13.352440+00:00 DEBUG 'ansible_navigator.main' Prior to rollback: cmdline = 'Not set' (Constants/Not set)
2023-03-18T14:21:13.352469+00:00 DEBUG 'ansible_navigator.main' Prior to rollback: collection_doc_cache_path = '/home/amsoh/.cache/ansible-navigator/collection_doc_cache.db' (str/Defaults)
2023-03-18T14:21:13.352499+00:00 DEBUG 'ansible_navigator.main' Prior to rollback: config = 'Not set' (Constants/Not set)
2023-03-18T14:21:13.352530+00:00 DEBUG 'ansible_navigator.main' Prior to rollback: container_engine = 'auto' (str/Defaults)
2023-03-18T14:21:13.352559+00:00 DEBUG 'ansible_navigator.main' Prior to rollback: container_options = 'Not set' (Constants/Not set)
2023-03-18T14:21:13.352588+00:00 DEBUG 'ansible_navigator.main' Prior to rollback: display_color = 'True' (bool/Defaults)
2023-03-18T14:21:13.352621+00:00 DEBUG 'ansible_navigator.main' Prior to rollback: editor_command = 'vi +{line_number} {filename}' (str/Defaults)
2023-03-18T14:21:13.352652+00:00 DEBUG 'ansible_navigator.main' Prior to rollback: editor_console = 'True' (bool/Defaults)
2023-03-18T14:21:13.352683+00:00 DEBUG 'ansible_navigator.main' Prior to rollback: exec_command = '/bin/bash' (str/Defaults)
2023-03-18T14:21:13.352712+00:00 DEBUG 'ansible_navigator.main' Prior to rollback: exec_shell = 'True' (bool/Defaults)
2023-03-18T14:21:13.352742+00:00 DEBUG 'ansible_navigator.main' Prior to rollback: execution_environment = 'True' (bool/Defaults)
2023-03-18T14:21:13.352773+00:00 DEBUG 'ansible_navigator.main' Prior to rollback: execution_environment_image = 'quay.io/ansible/creator-ee:v0.9.1' (str/Defaults)
2023-03-18T14:21:13.352812+00:00 DEBUG 'ansible_navigator.main' Prior to rollback: execution_environment_volume_mounts = 'Not set' (Constants/Not set)
2023-03-18T14:21:13.352842+00:00 DEBUG 'ansible_navigator.main' Prior to rollback: help_builder = 'False' (bool/Defaults)
2023-03-18T14:21:13.352872+00:00 DEBUG 'ansible_navigator.main' Prior to rollback: help_config = 'False' (bool/Defaults)
2023-03-18T14:21:13.352902+00:00 DEBUG 'ansible_navigator.main' Prior to rollback: help_doc = 'False' (bool/Defaults)
2023-03-18T14:21:13.352932+00:00 DEBUG 'ansible_navigator.main' Prior to rollback: help_inventory = 'False' (bool/Defaults)
2023-03-18T14:21:13.352962+00:00 DEBUG 'ansible_navigator.main' Prior to rollback: help_playbook = 'False' (bool/Defaults)
2023-03-18T14:21:13.352992+00:00 DEBUG 'ansible_navigator.main' Prior to rollback: images_details = '['everything']' (list/Defaults)
2023-03-18T14:21:13.353021+00:00 DEBUG 'ansible_navigator.main' Prior to rollback: inventory = 'Not set' (Constants/Not set)
2023-03-18T14:21:13.353051+00:00 DEBUG 'ansible_navigator.main' Prior to rollback: inventory_column = 'Not set' (Constants/Not set)
2023-03-18T14:21:13.353081+00:00 DEBUG 'ansible_navigator.main' Prior to rollback: lint_config = 'Not set' (Constants/Not set)
2023-03-18T14:21:13.353112+00:00 DEBUG 'ansible_navigator.main' Prior to rollback: lintables = 'Not set' (Constants/Not set)
2023-03-18T14:21:13.353140+00:00 DEBUG 'ansible_navigator.main' Prior to rollback: log_append = 'True' (bool/Defaults)
2023-03-18T14:21:13.353168+00:00 DEBUG 'ansible_navigator.main' Prior to rollback: log_file = '/home/amsoh/Documents/Amy/VSC/AAPonazure/AAPonazure/ansible-navigator.log' (str/Defaults)
2023-03-18T14:21:13.353198+00:00 DEBUG 'ansible_navigator.main' Prior to rollback: log_level = 'warning' (str/Defaults)
2023-03-18T14:21:13.353231+00:00 DEBUG 'ansible_navigator.main' Prior to rollback: mode = 'interactive' (str/Defaults)
2023-03-18T14:21:13.353261+00:00 DEBUG 'ansible_navigator.main' Prior to rollback: osc4 = 'True' (bool/Defaults)
2023-03-18T14:21:13.353290+00:00 DEBUG 'ansible_navigator.main' Prior to rollback: pass_environment_variable = 'Not set' (Constants/Not set)
2023-03-18T14:21:13.353321+00:00 DEBUG 'ansible_navigator.main' Prior to rollback: playbook = 'Not set' (Constants/Not set)
2023-03-18T14:21:13.353350+00:00 DEBUG 'ansible_navigator.main' Prior to rollback: playbook_artifact_enable = 'True' (bool/Defaults)
2023-03-18T14:21:13.353379+00:00 DEBUG 'ansible_navigator.main' Prior to rollback: playbook_artifact_replay = 'Not set' (Constants/Not set)
2023-03-18T14:21:13.353410+00:00 DEBUG 'ansible_navigator.main' Prior to rollback: playbook_artifact_save_as = '{playbook_dir}/{playbook_name}-artifact-{time_stamp}.json' (str/Defaults)
2023-03-18T14:21:13.353440+00:00 DEBUG 'ansible_navigator.main' Prior to rollback: plugin_name = 'Not set' (Constants/Not set)
2023-03-18T14:21:13.353469+00:00 DEBUG 'ansible_navigator.main' Prior to rollback: plugin_type = 'module' (str/Defaults)
2023-03-18T14:21:13.353499+00:00 DEBUG 'ansible_navigator.main' Prior to rollback: pull_arguments = 'Not set' (Constants/Not set)
2023-03-18T14:21:13.353528+00:00 DEBUG 'ansible_navigator.main' Prior to rollback: pull_policy = 'tag' (str/Defaults)
2023-03-18T14:21:13.353562+00:00 DEBUG 'ansible_navigator.main' Prior to rollback: set_environment_variable = 'Not set' (Constants/Not set)
2023-03-18T14:21:13.353593+00:00 DEBUG 'ansible_navigator.main' Prior to rollback: settings_effective = 'False' (bool/Defaults)
2023-03-18T14:21:13.353623+00:00 DEBUG 'ansible_navigator.main' Prior to rollback: settings_sample = 'False' (bool/Defaults)
2023-03-18T14:21:13.353653+00:00 DEBUG 'ansible_navigator.main' Prior to rollback: settings_schema = 'json' (str/Defaults)
2023-03-18T14:21:13.353684+00:00 DEBUG 'ansible_navigator.main' Prior to rollback: settings_sources = 'False' (bool/Defaults)
2023-03-18T14:21:13.353713+00:00 DEBUG 'ansible_navigator.main' Prior to rollback: time_zone = 'UTC' (str/Defaults)
2023-03-18T14:21:13.353742+00:00 DEBUG 'ansible_navigator.main' Prior to rollback: workdir = '/home/amsoh/Documents/Amy/VSC/AAPonazure/AAPonazure' (str/Defaults)
2023-03-18T14:21:13.353772+00:00 DEBUG 'ansible_navigator.main' After rollback: ansible_runner_artifact_dir = 'Not set' (Constants/Not set)
2023-03-18T14:21:13.353808+00:00 DEBUG 'ansible_navigator.main' After rollback: ansible_runner_rotate_artifacts_count = 'Not set' (Constants/Not set)
2023-03-18T14:21:13.353839+00:00 DEBUG 'ansible_navigator.main' After rollback: ansible_runner_timeout = 'Not set' (Constants/Not set)
2023-03-18T14:21:13.353868+00:00 DEBUG 'ansible_navigator.main' After rollback: app = 'Not set' (Constants/Not set)
2023-03-18T14:21:13.353898+00:00 DEBUG 'ansible_navigator.main' After rollback: cmdline = 'Not set' (Constants/Not set)
2023-03-18T14:21:13.353930+00:00 DEBUG 'ansible_navigator.main' After rollback: collection_doc_cache_path = 'Not set' (Constants/Not set)
2023-03-18T14:21:13.353960+00:00 DEBUG 'ansible_navigator.main' After rollback: config = 'Not set' (Constants/Not set)
2023-03-18T14:21:13.353989+00:00 DEBUG 'ansible_navigator.main' After rollback: container_engine = 'Not set' (Constants/Not set)
2023-03-18T14:21:13.354018+00:00 DEBUG 'ansible_navigator.main' After rollback: container_options = 'Not set' (Constants/Not set)
2023-03-18T14:21:13.354048+00:00 DEBUG 'ansible_navigator.main' After rollback: display_color = 'Not set' (Constants/Not set)
2023-03-18T14:21:13.354079+00:00 DEBUG 'ansible_navigator.main' After rollback: editor_command = 'Not set' (Constants/Not set)
2023-03-18T14:21:13.354108+00:00 DEBUG 'ansible_navigator.main' After rollback: editor_console = 'Not set' (Constants/Not set)
2023-03-18T14:21:13.354138+00:00 DEBUG 'ansible_navigator.main' After rollback: exec_command = 'Not set' (Constants/Not set)
2023-03-18T14:21:13.354167+00:00 DEBUG 'ansible_navigator.main' After rollback: exec_shell = 'Not set' (Constants/Not set)
2023-03-18T14:21:13.354197+00:00 DEBUG 'ansible_navigator.main' After rollback: execution_environment = 'Not set' (Constants/Not set)
2023-03-18T14:21:13.354227+00:00 DEBUG 'ansible_navigator.main' After rollback: execution_environment_image = 'Not set' (Constants/Not set)
2023-03-18T14:21:13.354258+00:00 DEBUG 'ansible_navigator.main' After rollback: execution_environment_volume_mounts = 'Not set' (Constants/Not set)
2023-03-18T14:21:13.354287+00:00 DEBUG 'ansible_navigator.main' After rollback: help_builder = 'Not set' (Constants/Not set)
2023-03-18T14:21:13.354317+00:00 DEBUG 'ansible_navigator.main' After rollback: help_config = 'Not set' (Constants/Not set)
2023-03-18T14:21:13.354346+00:00 DEBUG 'ansible_navigator.main' After rollback: help_doc = 'Not set' (Constants/Not set)
2023-03-18T14:21:13.354374+00:00 DEBUG 'ansible_navigator.main' After rollback: help_inventory = 'Not set' (Constants/Not set)
2023-03-18T14:21:13.354403+00:00 DEBUG 'ansible_navigator.main' After rollback: help_playbook = 'Not set' (Constants/Not set)
2023-03-18T14:21:13.354434+00:00 DEBUG 'ansible_navigator.main' After rollback: images_details = 'Not set' (Constants/Not set)
2023-03-18T14:21:13.354462+00:00 DEBUG 'ansible_navigator.main' After rollback: inventory = 'Not set' (Constants/Not set)
2023-03-18T14:21:13.354492+00:00 DEBUG 'ansible_navigator.main' After rollback: inventory_column = 'Not set' (Constants/Not set)
2023-03-18T14:21:13.354524+00:00 DEBUG 'ansible_navigator.main' After rollback: lint_config = 'Not set' (Constants/Not set)
2023-03-18T14:21:13.354555+00:00 DEBUG 'ansible_navigator.main' After rollback: lintables = 'Not set' (Constants/Not set)
2023-03-18T14:21:13.354584+00:00 DEBUG 'ansible_navigator.main' After rollback: log_append = 'Not set' (Constants/Not set)
2023-03-18T14:21:13.354613+00:00 DEBUG 'ansible_navigator.main' After rollback: log_file = 'Not set' (Constants/Not set)
2023-03-18T14:21:13.354642+00:00 DEBUG 'ansible_navigator.main' After rollback: log_level = 'Not set' (Constants/Not set)
2023-03-18T14:21:13.354673+00:00 DEBUG 'ansible_navigator.main' After rollback: mode = 'Not set' (Constants/Not set)
2023-03-18T14:21:13.354703+00:00 DEBUG 'ansible_navigator.main' After rollback: osc4 = 'Not set' (Constants/Not set)
2023-03-18T14:21:13.354734+00:00 DEBUG 'ansible_navigator.main' After rollback: pass_environment_variable = 'Not set' (Constants/Not set)
2023-03-18T14:21:13.354764+00:00 DEBUG 'ansible_navigator.main' After rollback: playbook = 'Not set' (Constants/Not set)
2023-03-18T14:21:13.354800+00:00 DEBUG 'ansible_navigator.main' After rollback: playbook_artifact_enable = 'Not set' (Constants/Not set)
2023-03-18T14:21:13.354830+00:00 DEBUG 'ansible_navigator.main' After rollback: playbook_artifact_replay = 'Not set' (Constants/Not set)
2023-03-18T14:21:13.354860+00:00 DEBUG 'ansible_navigator.main' After rollback: playbook_artifact_save_as = 'Not set' (Constants/Not set)
2023-03-18T14:21:13.354890+00:00 DEBUG 'ansible_navigator.main' After rollback: plugin_name = 'Not set' (Constants/Not set)
2023-03-18T14:21:13.354920+00:00 DEBUG 'ansible_navigator.main' After rollback: plugin_type = 'Not set' (Constants/Not set)
2023-03-18T14:21:13.354951+00:00 DEBUG 'ansible_navigator.main' After rollback: pull_arguments = 'Not set' (Constants/Not set)
2023-03-18T14:21:13.354980+00:00 DEBUG 'ansible_navigator.main' After rollback: pull_policy = 'Not set' (Constants/Not set)
2023-03-18T14:21:13.355010+00:00 DEBUG 'ansible_navigator.main' After rollback: set_environment_variable = 'Not set' (Constants/Not set)
2023-03-18T14:21:13.355040+00:00 DEBUG 'ansible_navigator.main' After rollback: settings_effective = 'Not set' (Constants/Not set)
2023-03-18T14:21:13.355069+00:00 DEBUG 'ansible_navigator.main' After rollback: settings_sample = 'Not set' (Constants/Not set)
2023-03-18T14:21:13.355098+00:00 DEBUG 'ansible_navigator.main' After rollback: settings_schema = 'Not set' (Constants/Not set)
2023-03-18T14:21:13.355127+00:00 DEBUG 'ansible_navigator.main' After rollback: settings_sources = 'Not set' (Constants/Not set)
2023-03-18T14:21:13.355157+00:00 DEBUG 'ansible_navigator.main' After rollback: time_zone = 'Not set' (Constants/Not set)
2023-03-18T14:21:13.355187+00:00 DEBUG 'ansible_navigator.main' After rollback: workdir = 'Not set' (Constants/Not set)
2023-03-18T14:21:13.355218+00:00 DEBUG 'ansible_navigator.main' Configuration rollback complete.
2023-03-18T14:21:13.355247+00:00 DEBUG 'ansible_navigator.main' Collection doc cache not mounted
2023-03-18T14:21:13.355295+00:00 WARNING 'ansible_navigator.main' Issues were found while applying the settings.
2023-03-18T14:21:13.355326+00:00 INFO 'ansible_navigator.main' Command provided: ''
2023-03-18T14:21:13.355363+00:00 ERROR 'ansible_navigator.main' No container engine could be found: 'auto', set by 'Defaults'
2023-03-18T14:21:13.355396+00:00 INFO 'ansible_navigator.main' Try installing 'podman' or 'docker'
2023-03-18T14:21:13.355428+00:00 INFO 'ansible_navigator.main' Configuration failed, using default log file location. (/home/amsoh/Documents/Amy/VSC/AAPonazure/AAPonazure/ansible-navigator.log) Log level set to debug
2023-03-18T14:21:13.355464+00:00 INFO 'ansible_navigator.main' Review the hints and log file to see what went wrong.
2023-03-20T03:12:16.050324+00:00 INFO 'ansible_navigator.setup_logger' New ansible-navigator instance, logging initialized
2023-03-20T03:12:16.050521+00:00 INFO 'ansible_navigator.setup_logger' New ansible-runner instance, logging initialized
2023-03-20T03:12:16.050563+00:00 DEBUG 'ansible_navigator.main' ansible-builder==1.2.0 /home/amsoh/.local/lib/python3.9/site-packages
2023-03-20T03:12:16.050589+00:00 DEBUG 'ansible_navigator.main' ansible-core==2.13.3 /usr/lib/python3.9/site-packages
2023-03-20T03:12:16.050613+00:00 DEBUG 'ansible_navigator.main' ansible-navigator==2.2.0 /home/amsoh/.local/lib/python3.9/site-packages
2023-03-20T03:12:16.050636+00:00 DEBUG 'ansible_navigator.main' ansible-runner==2.3.2 /home/amsoh/.local/lib/python3.9/site-packages
2023-03-20T03:12:16.050657+00:00 DEBUG 'ansible_navigator.main' attrs==22.2.0 /home/amsoh/.local/lib/python3.9/site-packages
2023-03-20T03:12:16.050678+00:00 DEBUG 'ansible_navigator.main' bindep==2.11.0 /home/amsoh/.local/lib/python3.9/site-packages
2023-03-20T03:12:16.050698+00:00 DEBUG 'ansible_navigator.main' cffi==1.14.3 /usr/lib64/python3.9/site-packages
2023-03-20T03:12:16.050722+00:00 DEBUG 'ansible_navigator.main' cryptography==3.3.1 /usr/lib64/python3.9/site-packages
2023-03-20T03:12:16.050744+00:00 DEBUG 'ansible_navigator.main' distro==1.8.0 /home/amsoh/.local/lib/python3.9/site-packages
2023-03-20T03:12:16.050766+00:00 DEBUG 'ansible_navigator.main' docutils==0.19 /home/amsoh/.local/lib/python3.9/site-packages
2023-03-20T03:12:16.050794+00:00 DEBUG 'ansible_navigator.main' idna==2.10 /usr/lib/python3.9/site-packages
2023-03-20T03:12:16.050817+00:00 DEBUG 'ansible_navigator.main' jinja2==3.1.2 /home/amsoh/.local/lib/python3.9/site-packages
2023-03-20T03:12:16.050840+00:00 DEBUG 'ansible_navigator.main' jsonschema==4.17.3 /home/amsoh/.local/lib/python3.9/site-packages
2023-03-20T03:12:16.050863+00:00 DEBUG 'ansible_navigator.main' lockfile==0.12.2 /home/amsoh/.local/lib/python3.9/site-packages
2023-03-20T03:12:16.050885+00:00 DEBUG 'ansible_navigator.main' markupsafe==2.1.2 /home/amsoh/.local/lib/python3.9/site-packages
2023-03-20T03:12:16.050908+00:00 DEBUG 'ansible_navigator.main' onigurumacffi==1.2.0 /home/amsoh/.local/lib/python3.9/site-packages
2023-03-20T03:12:16.050929+00:00 DEBUG 'ansible_navigator.main' packaging==23.0 /home/amsoh/.local/lib/python3.9/site-packages
2023-03-20T03:12:16.050951+00:00 DEBUG 'ansible_navigator.main' parsley==1.3 /home/amsoh/.local/lib/python3.9/site-packages
2023-03-20T03:12:16.050973+00:00 DEBUG 'ansible_navigator.main' pbr==5.11.1 /home/amsoh/.local/lib/python3.9/site-packages
2023-03-20T03:12:16.050995+00:00 DEBUG 'ansible_navigator.main' pexpect==4.8.0 /home/amsoh/.local/lib/python3.9/site-packages
2023-03-20T03:12:16.051018+00:00 DEBUG 'ansible_navigator.main' pip==20.2.4 /usr/lib/python3.9/site-packages
2023-03-20T03:12:16.051040+00:00 DEBUG 'ansible_navigator.main' ply==3.11 /usr/lib/python3.9/site-packages
2023-03-20T03:12:16.051062+00:00 DEBUG 'ansible_navigator.main' ptyprocess==0.7.0 /home/amsoh/.local/lib/python3.9/site-packages
2023-03-20T03:12:16.051085+00:00 DEBUG 'ansible_navigator.main' pycparser==2.20 /usr/lib/python3.9/site-packages
2023-03-20T03:12:16.051107+00:00 DEBUG 'ansible_navigator.main' pyrsistent==0.19.3 /home/amsoh/.local/lib/python3.9/site-packages
2023-03-20T03:12:16.051129+00:00 DEBUG 'ansible_navigator.main' python-daemon==3.0.1 /home/amsoh/.local/lib/python3.9/site-packages
2023-03-20T03:12:16.051151+00:00 DEBUG 'ansible_navigator.main' pyyaml==5.4.1 /usr/lib64/python3.9/site-packages
2023-03-20T03:12:16.051173+00:00 DEBUG 'ansible_navigator.main' requirements-parser==0.5.0 /home/amsoh/.local/lib/python3.9/site-packages
2023-03-20T03:12:16.051195+00:00 DEBUG 'ansible_navigator.main' setuptools==67.6.0 /home/amsoh/.local/lib/python3.9/site-packages
2023-03-20T03:12:16.051217+00:00 DEBUG 'ansible_navigator.main' six==1.15.0 /usr/lib/python3.9/site-packages
2023-03-20T03:12:16.051239+00:00 DEBUG 'ansible_navigator.main' types-setuptools==67.6.0.5 /home/amsoh/.local/lib/python3.9/site-packages
2023-03-20T03:12:16.051261+00:00 DEBUG 'ansible_navigator.main' tzdata==2022.7 /home/amsoh/.local/lib/python3.9/site-packages
2023-03-20T03:12:16.051286+00:00 DEBUG 'ansible_navigator.main' Share directory '/home/amsoh/.local/lib/python3.9/share/ansible_navigator' not found (development path)
2023-03-20T03:12:16.051309+00:00 DEBUG 'ansible_navigator.main' Share directory '/home/amsoh/.local/share/ansible_navigator' found (userbase)
2023-03-20T03:12:16.051331+00:00 DEBUG 'ansible_navigator.main' Default collection_doc_cache_path set to: /home/amsoh/.cache/ansible-navigator/collection_doc_cache.db
2023-03-20T03:12:16.051354+00:00 DEBUG 'ansible_navigator.main' EDITOR environment variable not set
2023-03-20T03:12:16.051376+00:00 DEBUG 'ansible_navigator.main' Default editor_command set to: vi +{line_number} {filename}
2023-03-20T03:12:16.051399+00:00 DEBUG 'ansible_navigator.main' No config file set by ANSIBLE_NAVIGATOR_CONFIG
2023-03-20T03:12:16.051420+00:00 DEBUG 'ansible_navigator.main' Looking in /home/amsoh
2023-03-20T03:12:16.051442+00:00 DEBUG 'ansible_navigator.main' Looking for '/home/amsoh/.ansible-navigator.yml', '/home/amsoh/.ansible-navigator.yaml' and '/home/amsoh/.ansible-navigator.json'
2023-03-20T03:12:16.051465+00:00 DEBUG 'ansible_navigator.main' Found 0: 
2023-03-20T03:12:16.051486+00:00 DEBUG 'ansible_navigator.main' Looking in /home/amsoh/Documents/Amy/VSC/AAPonazure/AAPonazure
2023-03-20T03:12:16.051508+00:00 DEBUG 'ansible_navigator.main' Looking for '/home/amsoh/Documents/Amy/VSC/AAPonazure/AAPonazure/ansible-navigator.yml', '/home/amsoh/Documents/Amy/VSC/AAPonazure/AAPonazure/ansible-navigator.yaml' and '/home/amsoh/Documents/Amy/VSC/AAPonazure/AAPonazure/ansible-navigator.json'
2023-03-20T03:12:16.051533+00:00 DEBUG 'ansible_navigator.main' Found 0: 
2023-03-20T03:12:16.051555+00:00 DEBUG 'ansible_navigator.main' All found 0: 
2023-03-20T03:12:16.051577+00:00 DEBUG 'ansible_navigator.main' Using: None
2023-03-20T03:12:16.051598+00:00 DEBUG 'ansible_navigator.main' No valid settings file found, using all default values for settings.
2023-03-20T03:12:16.051620+00:00 DEBUG 'ansible_navigator.main' Command provided: 'run -m aaponazure.yml'
2023-03-20T03:12:16.051642+00:00 DEBUG 'ansible_navigator.main' EE support enabled: using current working directory for 'ansible.cfg'
2023-03-20T03:12:16.051665+00:00 INFO 'ansible_navigator.main' EE support enabled: no 'ansible.cfg' found in current working directory. Tried /home/amsoh/Documents/Amy/VSC/AAPonazure/AAPonazure/ansible.cfg
2023-03-20T03:12:16.051687+00:00 DEBUG 'ansible_navigator.main' Completed post processing for ansible_runner_artifact_dir. (changed=False)
2023-03-20T03:12:16.051710+00:00 DEBUG 'ansible_navigator.main' Completed post processing for ansible_runner_rotate_artifacts_count. (changed=False)
2023-03-20T03:12:16.051732+00:00 DEBUG 'ansible_navigator.main' Completed post processing for ansible_runner_timeout. (changed=False)
2023-03-20T03:12:16.051754+00:00 DEBUG 'ansible_navigator.main' Completed post processing for cmdline. (changed=False)
2023-03-20T03:12:16.051779+00:00 DEBUG 'ansible_navigator.main' Completed post processing for collection_doc_cache_path. (changed=False)
2023-03-20T03:12:16.051802+00:00 DEBUG 'ansible_navigator.main' Completed post processing for container_engine. (changed=False)
2023-03-20T03:12:16.051824+00:00 DEBUG 'ansible_navigator.main' Completed post processing for container_options. (changed=False)
2023-03-20T03:12:16.051847+00:00 DEBUG 'ansible_navigator.main' Completed post processing for display_color. (changed=False)
2023-03-20T03:12:16.051869+00:00 DEBUG 'ansible_navigator.main' Completed post processing for execution_environment. (changed=False)
2023-03-20T03:12:16.051891+00:00 DEBUG 'ansible_navigator.main' Completed post processing for execution_environment_image. (changed=False)
2023-03-20T03:12:16.051913+00:00 DEBUG 'ansible_navigator.main' Completed post processing for help_builder. (changed=False)
2023-03-20T03:12:16.051935+00:00 DEBUG 'ansible_navigator.main' Completed post processing for help_config. (changed=False)
2023-03-20T03:12:16.051958+00:00 DEBUG 'ansible_navigator.main' Completed post processing for help_doc. (changed=False)
2023-03-20T03:12:16.051981+00:00 DEBUG 'ansible_navigator.main' Completed post processing for help_inventory. (changed=False)
2023-03-20T03:12:16.052003+00:00 DEBUG 'ansible_navigator.main' Completed post processing for help_playbook. (changed=False)
2023-03-20T03:12:16.052025+00:00 DEBUG 'ansible_navigator.main' Completed post processing for images_details. (changed=False)
2023-03-20T03:12:16.052047+00:00 DEBUG 'ansible_navigator.main' Completed post processing for inventory. (changed=False)
2023-03-20T03:12:16.052068+00:00 DEBUG 'ansible_navigator.main' Completed post processing for inventory_column. (changed=False)
2023-03-20T03:12:16.052090+00:00 DEBUG 'ansible_navigator.main' Completed post processing for log_file. (changed=False)
2023-03-20T03:12:16.052112+00:00 DEBUG 'ansible_navigator.main' Completed post processing for pass_environment_variable. (changed=False)
2023-03-20T03:12:16.052134+00:00 DEBUG 'ansible_navigator.main' Completed post processing for playbook. (changed=False)
2023-03-20T03:12:16.052155+00:00 DEBUG 'ansible_navigator.main' Completed post processing for playbook_artifact_replay. (changed=False)
2023-03-20T03:12:16.052177+00:00 DEBUG 'ansible_navigator.main' Completed post processing for playbook_artifact_save_as. (changed=False)
2023-03-20T03:12:16.052198+00:00 DEBUG 'ansible_navigator.main' Completed post processing for plugin_name. (changed=False)
2023-03-20T03:12:16.052221+00:00 DEBUG 'ansible_navigator.main' Completed post processing for pull_arguments. (changed=False)
2023-03-20T03:12:16.052243+00:00 DEBUG 'ansible_navigator.main' Completed post processing for set_environment_variable. (changed=False)
2023-03-20T03:12:16.052264+00:00 DEBUG 'ansible_navigator.main' Completed post processing for settings_effective. (changed=False)
2023-03-20T03:12:16.052286+00:00 DEBUG 'ansible_navigator.main' Completed post processing for settings_sample. (changed=False)
2023-03-20T03:12:16.052307+00:00 DEBUG 'ansible_navigator.main' Completed post processing for settings_schema. (changed=False)
2023-03-20T03:12:16.052328+00:00 DEBUG 'ansible_navigator.main' Completed post processing for settings_sources. (changed=False)
2023-03-20T03:12:16.052350+00:00 DEBUG 'ansible_navigator.main' Completed post processing for time_zone. (changed=False)
2023-03-20T03:12:16.052372+00:00 DEBUG 'ansible_navigator.main' Completed post processing for execution_environment_volume_mounts. (changed=False)
2023-03-20T03:12:16.052393+00:00 DEBUG 'ansible_navigator.main' Completed post processing for mode. (changed=False)
2023-03-20T03:12:16.052417+00:00 WARNING 'ansible_navigator.main' Configuration errors encountered, rolling back to previous configuration.
2023-03-20T03:12:16.052439+00:00 DEBUG 'ansible_navigator.main' Prior to rollback: ansible_runner_artifact_dir = 'Not set' (Constants/Not set)
2023-03-20T03:12:16.052461+00:00 DEBUG 'ansible_navigator.main' Prior to rollback: ansible_runner_rotate_artifacts_count = 'Not set' (Constants/Not set)
2023-03-20T03:12:16.052483+00:00 DEBUG 'ansible_navigator.main' Prior to rollback: ansible_runner_timeout = 'Not set' (Constants/Not set)
2023-03-20T03:12:16.052504+00:00 DEBUG 'ansible_navigator.main' Prior to rollback: app = 'run' (str/Command line)
2023-03-20T03:12:16.052526+00:00 DEBUG 'ansible_navigator.main' Prior to rollback: cmdline = 'Not set' (Constants/Not set)
2023-03-20T03:12:16.052548+00:00 DEBUG 'ansible_navigator.main' Prior to rollback: collection_doc_cache_path = '/home/amsoh/.cache/ansible-navigator/collection_doc_cache.db' (str/Defaults)
2023-03-20T03:12:16.052570+00:00 DEBUG 'ansible_navigator.main' Prior to rollback: config = 'Not set' (Constants/Not set)
2023-03-20T03:12:16.052592+00:00 DEBUG 'ansible_navigator.main' Prior to rollback: container_engine = 'auto' (str/Defaults)
2023-03-20T03:12:16.052614+00:00 DEBUG 'ansible_navigator.main' Prior to rollback: container_options = 'Not set' (Constants/Not set)
2023-03-20T03:12:16.052635+00:00 DEBUG 'ansible_navigator.main' Prior to rollback: display_color = 'True' (bool/Defaults)
2023-03-20T03:12:16.052656+00:00 DEBUG 'ansible_navigator.main' Prior to rollback: editor_command = 'vi +{line_number} {filename}' (str/Defaults)
2023-03-20T03:12:16.052680+00:00 DEBUG 'ansible_navigator.main' Prior to rollback: editor_console = 'True' (bool/Defaults)
2023-03-20T03:12:16.052701+00:00 DEBUG 'ansible_navigator.main' Prior to rollback: exec_command = '/bin/bash' (str/Defaults)
2023-03-20T03:12:16.052723+00:00 DEBUG 'ansible_navigator.main' Prior to rollback: exec_shell = 'True' (bool/Defaults)
2023-03-20T03:12:16.052746+00:00 DEBUG 'ansible_navigator.main' Prior to rollback: execution_environment = 'True' (bool/Defaults)
2023-03-20T03:12:16.052767+00:00 DEBUG 'ansible_navigator.main' Prior to rollback: execution_environment_image = 'quay.io/ansible/creator-ee:v0.9.1' (str/Defaults)
2023-03-20T03:12:16.052793+00:00 DEBUG 'ansible_navigator.main' Prior to rollback: execution_environment_volume_mounts = 'Not set' (Constants/Not set)
2023-03-20T03:12:16.052815+00:00 DEBUG 'ansible_navigator.main' Prior to rollback: help_builder = 'False' (bool/Defaults)
2023-03-20T03:12:16.052837+00:00 DEBUG 'ansible_navigator.main' Prior to rollback: help_config = 'False' (bool/Defaults)
2023-03-20T03:12:16.052858+00:00 DEBUG 'ansible_navigator.main' Prior to rollback: help_doc = 'False' (bool/Defaults)
2023-03-20T03:12:16.052880+00:00 DEBUG 'ansible_navigator.main' Prior to rollback: help_inventory = 'False' (bool/Defaults)
2023-03-20T03:12:16.052902+00:00 DEBUG 'ansible_navigator.main' Prior to rollback: help_playbook = 'False' (bool/Defaults)
2023-03-20T03:12:16.052923+00:00 DEBUG 'ansible_navigator.main' Prior to rollback: images_details = '['everything']' (list/Defaults)
2023-03-20T03:12:16.052945+00:00 DEBUG 'ansible_navigator.main' Prior to rollback: inventory = 'Not set' (Constants/Not set)
2023-03-20T03:12:16.052966+00:00 DEBUG 'ansible_navigator.main' Prior to rollback: inventory_column = 'Not set' (Constants/Not set)
2023-03-20T03:12:16.052988+00:00 DEBUG 'ansible_navigator.main' Prior to rollback: lint_config = 'Not set' (Constants/Not set)
2023-03-20T03:12:16.053010+00:00 DEBUG 'ansible_navigator.main' Prior to rollback: lintables = 'Not set' (Constants/Not set)
2023-03-20T03:12:16.053031+00:00 DEBUG 'ansible_navigator.main' Prior to rollback: log_append = 'True' (bool/Defaults)
2023-03-20T03:12:16.053053+00:00 DEBUG 'ansible_navigator.main' Prior to rollback: log_file = '/home/amsoh/Documents/Amy/VSC/AAPonazure/AAPonazure/ansible-navigator.log' (str/Defaults)
2023-03-20T03:12:16.053075+00:00 DEBUG 'ansible_navigator.main' Prior to rollback: log_level = 'warning' (str/Defaults)
2023-03-20T03:12:16.053098+00:00 DEBUG 'ansible_navigator.main' Prior to rollback: mode = 'aaponazure.yml' (str/Command line)
2023-03-20T03:12:16.053120+00:00 DEBUG 'ansible_navigator.main' Prior to rollback: osc4 = 'True' (bool/Defaults)
2023-03-20T03:12:16.053141+00:00 DEBUG 'ansible_navigator.main' Prior to rollback: pass_environment_variable = 'Not set' (Constants/Not set)
2023-03-20T03:12:16.053163+00:00 DEBUG 'ansible_navigator.main' Prior to rollback: playbook = 'Not set' (Constants/Not set)
2023-03-20T03:12:16.053185+00:00 DEBUG 'ansible_navigator.main' Prior to rollback: playbook_artifact_enable = 'True' (bool/Defaults)
2023-03-20T03:12:16.053206+00:00 DEBUG 'ansible_navigator.main' Prior to rollback: playbook_artifact_replay = 'Not set' (Constants/Not set)
2023-03-20T03:12:16.053228+00:00 DEBUG 'ansible_navigator.main' Prior to rollback: playbook_artifact_save_as = '{playbook_dir}/{playbook_name}-artifact-{time_stamp}.json' (str/Defaults)
2023-03-20T03:12:16.053250+00:00 DEBUG 'ansible_navigator.main' Prior to rollback: plugin_name = 'Not set' (Constants/Not set)
2023-03-20T03:12:16.053272+00:00 DEBUG 'ansible_navigator.main' Prior to rollback: plugin_type = 'module' (str/Defaults)
2023-03-20T03:12:16.053294+00:00 DEBUG 'ansible_navigator.main' Prior to rollback: pull_arguments = 'Not set' (Constants/Not set)
2023-03-20T03:12:16.053317+00:00 DEBUG 'ansible_navigator.main' Prior to rollback: pull_policy = 'tag' (str/Defaults)
2023-03-20T03:12:16.053339+00:00 DEBUG 'ansible_navigator.main' Prior to rollback: set_environment_variable = 'Not set' (Constants/Not set)
2023-03-20T03:12:16.053362+00:00 DEBUG 'ansible_navigator.main' Prior to rollback: settings_effective = 'False' (bool/Defaults)
2023-03-20T03:12:16.053385+00:00 DEBUG 'ansible_navigator.main' Prior to rollback: settings_sample = 'False' (bool/Defaults)
2023-03-20T03:12:16.053407+00:00 DEBUG 'ansible_navigator.main' Prior to rollback: settings_schema = 'json' (str/Defaults)
2023-03-20T03:12:16.053429+00:00 DEBUG 'ansible_navigator.main' Prior to rollback: settings_sources = 'False' (bool/Defaults)
2023-03-20T03:12:16.053451+00:00 DEBUG 'ansible_navigator.main' Prior to rollback: time_zone = 'UTC' (str/Defaults)
2023-03-20T03:12:16.053472+00:00 DEBUG 'ansible_navigator.main' Prior to rollback: workdir = '/home/amsoh/Documents/Amy/VSC/AAPonazure/AAPonazure' (str/Defaults)
2023-03-20T03:12:16.053493+00:00 DEBUG 'ansible_navigator.main' After rollback: ansible_runner_artifact_dir = 'Not set' (Constants/Not set)
2023-03-20T03:12:16.053515+00:00 DEBUG 'ansible_navigator.main' After rollback: ansible_runner_rotate_artifacts_count = 'Not set' (Constants/Not set)
2023-03-20T03:12:16.053536+00:00 DEBUG 'ansible_navigator.main' After rollback: ansible_runner_timeout = 'Not set' (Constants/Not set)
2023-03-20T03:12:16.053558+00:00 DEBUG 'ansible_navigator.main' After rollback: app = 'Not set' (Constants/Not set)
2023-03-20T03:12:16.053580+00:00 DEBUG 'ansible_navigator.main' After rollback: cmdline = 'Not set' (Constants/Not set)
2023-03-20T03:12:16.053601+00:00 DEBUG 'ansible_navigator.main' After rollback: collection_doc_cache_path = 'Not set' (Constants/Not set)
2023-03-20T03:12:16.053623+00:00 DEBUG 'ansible_navigator.main' After rollback: config = 'Not set' (Constants/Not set)
2023-03-20T03:12:16.053645+00:00 DEBUG 'ansible_navigator.main' After rollback: container_engine = 'Not set' (Constants/Not set)
2023-03-20T03:12:16.053666+00:00 DEBUG 'ansible_navigator.main' After rollback: container_options = 'Not set' (Constants/Not set)
2023-03-20T03:12:16.053687+00:00 DEBUG 'ansible_navigator.main' After rollback: display_color = 'Not set' (Constants/Not set)
2023-03-20T03:12:16.053708+00:00 DEBUG 'ansible_navigator.main' After rollback: editor_command = 'Not set' (Constants/Not set)
2023-03-20T03:12:16.053730+00:00 DEBUG 'ansible_navigator.main' After rollback: editor_console = 'Not set' (Constants/Not set)
2023-03-20T03:12:16.053751+00:00 DEBUG 'ansible_navigator.main' After rollback: exec_command = 'Not set' (Constants/Not set)
2023-03-20T03:12:16.053775+00:00 DEBUG 'ansible_navigator.main' After rollback: exec_shell = 'Not set' (Constants/Not set)
2023-03-20T03:12:16.053798+00:00 DEBUG 'ansible_navigator.main' After rollback: execution_environment = 'Not set' (Constants/Not set)
2023-03-20T03:12:16.053821+00:00 DEBUG 'ansible_navigator.main' After rollback: execution_environment_image = 'Not set' (Constants/Not set)
2023-03-20T03:12:16.053843+00:00 DEBUG 'ansible_navigator.main' After rollback: execution_environment_volume_mounts = 'Not set' (Constants/Not set)
2023-03-20T03:12:16.053865+00:00 DEBUG 'ansible_navigator.main' After rollback: help_builder = 'Not set' (Constants/Not set)
2023-03-20T03:12:16.053888+00:00 DEBUG 'ansible_navigator.main' After rollback: help_config = 'Not set' (Constants/Not set)
2023-03-20T03:12:16.053909+00:00 DEBUG 'ansible_navigator.main' After rollback: help_doc = 'Not set' (Constants/Not set)
2023-03-20T03:12:16.053931+00:00 DEBUG 'ansible_navigator.main' After rollback: help_inventory = 'Not set' (Constants/Not set)
2023-03-20T03:12:16.053952+00:00 DEBUG 'ansible_navigator.main' After rollback: help_playbook = 'Not set' (Constants/Not set)
2023-03-20T03:12:16.053973+00:00 DEBUG 'ansible_navigator.main' After rollback: images_details = 'Not set' (Constants/Not set)
2023-03-20T03:12:16.053995+00:00 DEBUG 'ansible_navigator.main' After rollback: inventory = 'Not set' (Constants/Not set)
2023-03-20T03:12:16.054016+00:00 DEBUG 'ansible_navigator.main' After rollback: inventory_column = 'Not set' (Constants/Not set)
2023-03-20T03:12:16.054039+00:00 DEBUG 'ansible_navigator.main' After rollback: lint_config = 'Not set' (Constants/Not set)
2023-03-20T03:12:16.054060+00:00 DEBUG 'ansible_navigator.main' After rollback: lintables = 'Not set' (Constants/Not set)
2023-03-20T03:12:16.054082+00:00 DEBUG 'ansible_navigator.main' After rollback: log_append = 'Not set' (Constants/Not set)
2023-03-20T03:12:16.054104+00:00 DEBUG 'ansible_navigator.main' After rollback: log_file = 'Not set' (Constants/Not set)
2023-03-20T03:12:16.054125+00:00 DEBUG 'ansible_navigator.main' After rollback: log_level = 'Not set' (Constants/Not set)
2023-03-20T03:12:16.054147+00:00 DEBUG 'ansible_navigator.main' After rollback: mode = 'Not set' (Constants/Not set)
2023-03-20T03:12:16.054169+00:00 DEBUG 'ansible_navigator.main' After rollback: osc4 = 'Not set' (Constants/Not set)
2023-03-20T03:12:16.054191+00:00 DEBUG 'ansible_navigator.main' After rollback: pass_environment_variable = 'Not set' (Constants/Not set)
2023-03-20T03:12:16.054213+00:00 DEBUG 'ansible_navigator.main' After rollback: playbook = 'Not set' (Constants/Not set)
2023-03-20T03:12:16.054235+00:00 DEBUG 'ansible_navigator.main' After rollback: playbook_artifact_enable = 'Not set' (Constants/Not set)
2023-03-20T03:12:16.054257+00:00 DEBUG 'ansible_navigator.main' After rollback: playbook_artifact_replay = 'Not set' (Constants/Not set)
2023-03-20T03:12:16.054278+00:00 DEBUG 'ansible_navigator.main' After rollback: playbook_artifact_save_as = 'Not set' (Constants/Not set)
2023-03-20T03:12:16.054300+00:00 DEBUG 'ansible_navigator.main' After rollback: plugin_name = 'Not set' (Constants/Not set)
2023-03-20T03:12:16.054322+00:00 DEBUG 'ansible_navigator.main' After rollback: plugin_type = 'Not set' (Constants/Not set)
2023-03-20T03:12:16.054344+00:00 DEBUG 'ansible_navigator.main' After rollback: pull_arguments = 'Not set' (Constants/Not set)
2023-03-20T03:12:16.054365+00:00 DEBUG 'ansible_navigator.main' After rollback: pull_policy = 'Not set' (Constants/Not set)
2023-03-20T03:12:16.054387+00:00 DEBUG 'ansible_navigator.main' After rollback: set_environment_variable = 'Not set' (Constants/Not set)
2023-03-20T03:12:16.054408+00:00 DEBUG 'ansible_navigator.main' After rollback: settings_effective = 'Not set' (Constants/Not set)
2023-03-20T03:12:16.054430+00:00 DEBUG 'ansible_navigator.main' After rollback: settings_sample = 'Not set' (Constants/Not set)
2023-03-20T03:12:16.054451+00:00 DEBUG 'ansible_navigator.main' After rollback: settings_schema = 'Not set' (Constants/Not set)
2023-03-20T03:12:16.054474+00:00 DEBUG 'ansible_navigator.main' After rollback: settings_sources = 'Not set' (Constants/Not set)
2023-03-20T03:12:16.054496+00:00 DEBUG 'ansible_navigator.main' After rollback: time_zone = 'Not set' (Constants/Not set)
2023-03-20T03:12:16.054517+00:00 DEBUG 'ansible_navigator.main' After rollback: workdir = 'Not set' (Constants/Not set)
2023-03-20T03:12:16.054539+00:00 DEBUG 'ansible_navigator.main' Configuration rollback complete.
2023-03-20T03:12:16.054561+00:00 DEBUG 'ansible_navigator.main' Collection doc cache not mounted
2023-03-20T03:12:16.054594+00:00 WARNING 'ansible_navigator.main' Issues were found while applying the settings.
2023-03-20T03:12:16.054619+00:00 INFO 'ansible_navigator.main' Command provided: 'run -m aaponazure.yml'
2023-03-20T03:12:16.054646+00:00 ERROR 'ansible_navigator.main' No container engine could be found: 'auto', set by 'Defaults'
2023-03-20T03:12:16.054671+00:00 INFO 'ansible_navigator.main' Try installing 'podman' or 'docker'
2023-03-20T03:12:16.054695+00:00 ERROR 'ansible_navigator.main' A playbook is required when using the run subcommand
2023-03-20T03:12:16.054719+00:00 INFO 'ansible_navigator.main' Try again with 'run <playbook name>'
2023-03-20T03:12:16.054744+00:00 ERROR 'ansible_navigator.main' The setting 'mode' must be one of 'stdout' or 'interactive', but set as 'aaponazure.yml'. (Command line)
2023-03-20T03:12:16.054776+00:00 INFO 'ansible_navigator.main' Try again with '-m stdout' or '-m interactive'
2023-03-20T03:12:16.054804+00:00 INFO 'ansible_navigator.main' Configuration failed, using default log file location. (/home/amsoh/Documents/Amy/VSC/AAPonazure/AAPonazure/ansible-navigator.log) Log level set to debug
2023-03-20T03:12:16.054832+00:00 INFO 'ansible_navigator.main' Review the hints and log file to see what went wrong.
2023-03-20T03:29:18.446936+00:00 INFO 'ansible_navigator.setup_logger' New ansible-navigator instance, logging initialized
2023-03-20T03:29:18.447150+00:00 INFO 'ansible_navigator.setup_logger' New ansible-runner instance, logging initialized
2023-03-20T03:29:18.447186+00:00 DEBUG 'ansible_navigator.main' ansible-builder==1.2.0 /home/amsoh/.local/lib/python3.9/site-packages
2023-03-20T03:29:18.447207+00:00 DEBUG 'ansible_navigator.main' ansible-core==2.13.3 /usr/lib/python3.9/site-packages
2023-03-20T03:29:18.447227+00:00 DEBUG 'ansible_navigator.main' ansible-navigator==2.2.0 /home/amsoh/.local/lib/python3.9/site-packages
2023-03-20T03:29:18.447245+00:00 DEBUG 'ansible_navigator.main' ansible-runner==2.3.2 /home/amsoh/.local/lib/python3.9/site-packages
2023-03-20T03:29:18.447261+00:00 DEBUG 'ansible_navigator.main' attrs==22.2.0 /home/amsoh/.local/lib/python3.9/site-packages
2023-03-20T03:29:18.447278+00:00 DEBUG 'ansible_navigator.main' bindep==2.11.0 /home/amsoh/.local/lib/python3.9/site-packages
2023-03-20T03:29:18.447295+00:00 DEBUG 'ansible_navigator.main' cffi==1.14.3 /usr/lib64/python3.9/site-packages
2023-03-20T03:29:18.447318+00:00 DEBUG 'ansible_navigator.main' cryptography==3.3.1 /usr/lib64/python3.9/site-packages
2023-03-20T03:29:18.447344+00:00 DEBUG 'ansible_navigator.main' distro==1.8.0 /home/amsoh/.local/lib/python3.9/site-packages
2023-03-20T03:29:18.447361+00:00 DEBUG 'ansible_navigator.main' docutils==0.19 /home/amsoh/.local/lib/python3.9/site-packages
2023-03-20T03:29:18.447377+00:00 DEBUG 'ansible_navigator.main' idna==2.10 /usr/lib/python3.9/site-packages
2023-03-20T03:29:18.447393+00:00 DEBUG 'ansible_navigator.main' jinja2==3.1.2 /home/amsoh/.local/lib/python3.9/site-packages
2023-03-20T03:29:18.447408+00:00 DEBUG 'ansible_navigator.main' jsonschema==4.17.3 /home/amsoh/.local/lib/python3.9/site-packages
2023-03-20T03:29:18.447424+00:00 DEBUG 'ansible_navigator.main' lockfile==0.12.2 /home/amsoh/.local/lib/python3.9/site-packages
2023-03-20T03:29:18.447438+00:00 DEBUG 'ansible_navigator.main' markupsafe==2.1.2 /home/amsoh/.local/lib/python3.9/site-packages
2023-03-20T03:29:18.447454+00:00 DEBUG 'ansible_navigator.main' onigurumacffi==1.2.0 /home/amsoh/.local/lib/python3.9/site-packages
2023-03-20T03:29:18.447469+00:00 DEBUG 'ansible_navigator.main' packaging==23.0 /home/amsoh/.local/lib/python3.9/site-packages
2023-03-20T03:29:18.447485+00:00 DEBUG 'ansible_navigator.main' parsley==1.3 /home/amsoh/.local/lib/python3.9/site-packages
2023-03-20T03:29:18.447500+00:00 DEBUG 'ansible_navigator.main' pbr==5.11.1 /home/amsoh/.local/lib/python3.9/site-packages
2023-03-20T03:29:18.447515+00:00 DEBUG 'ansible_navigator.main' pexpect==4.8.0 /home/amsoh/.local/lib/python3.9/site-packages
2023-03-20T03:29:18.447538+00:00 DEBUG 'ansible_navigator.main' pip==20.2.4 /usr/lib/python3.9/site-packages
2023-03-20T03:29:18.447563+00:00 DEBUG 'ansible_navigator.main' ply==3.11 /usr/lib/python3.9/site-packages
2023-03-20T03:29:18.447590+00:00 DEBUG 'ansible_navigator.main' ptyprocess==0.7.0 /home/amsoh/.local/lib/python3.9/site-packages
2023-03-20T03:29:18.447617+00:00 DEBUG 'ansible_navigator.main' pycparser==2.20 /usr/lib/python3.9/site-packages
2023-03-20T03:29:18.447645+00:00 DEBUG 'ansible_navigator.main' pyrsistent==0.19.3 /home/amsoh/.local/lib/python3.9/site-packages
2023-03-20T03:29:18.447671+00:00 DEBUG 'ansible_navigator.main' python-daemon==3.0.1 /home/amsoh/.local/lib/python3.9/site-packages
2023-03-20T03:29:18.447696+00:00 DEBUG 'ansible_navigator.main' pyyaml==5.4.1 /usr/lib64/python3.9/site-packages
2023-03-20T03:29:18.447721+00:00 DEBUG 'ansible_navigator.main' requirements-parser==0.5.0 /home/amsoh/.local/lib/python3.9/site-packages
2023-03-20T03:29:18.447746+00:00 DEBUG 'ansible_navigator.main' setuptools==67.6.0 /home/amsoh/.local/lib/python3.9/site-packages
2023-03-20T03:29:18.447779+00:00 DEBUG 'ansible_navigator.main' six==1.15.0 /usr/lib/python3.9/site-packages
2023-03-20T03:29:18.447807+00:00 DEBUG 'ansible_navigator.main' types-setuptools==67.6.0.5 /home/amsoh/.local/lib/python3.9/site-packages
2023-03-20T03:29:18.447834+00:00 DEBUG 'ansible_navigator.main' tzdata==2022.7 /home/amsoh/.local/lib/python3.9/site-packages
2023-03-20T03:29:18.447863+00:00 DEBUG 'ansible_navigator.main' Share directory '/home/amsoh/.local/lib/python3.9/share/ansible_navigator' not found (development path)
2023-03-20T03:29:18.447891+00:00 DEBUG 'ansible_navigator.main' Share directory '/home/amsoh/.local/share/ansible_navigator' found (userbase)
2023-03-20T03:29:18.447918+00:00 DEBUG 'ansible_navigator.main' Default collection_doc_cache_path set to: /home/amsoh/.cache/ansible-navigator/collection_doc_cache.db
2023-03-20T03:29:18.447944+00:00 DEBUG 'ansible_navigator.main' EDITOR environment variable not set
2023-03-20T03:29:18.447971+00:00 DEBUG 'ansible_navigator.main' Default editor_command set to: vi +{line_number} {filename}
2023-03-20T03:29:18.447997+00:00 DEBUG 'ansible_navigator.main' No config file set by ANSIBLE_NAVIGATOR_CONFIG
2023-03-20T03:29:18.448022+00:00 DEBUG 'ansible_navigator.main' Looking in /home/amsoh
2023-03-20T03:29:18.448048+00:00 DEBUG 'ansible_navigator.main' Looking for '/home/amsoh/.ansible-navigator.yml', '/home/amsoh/.ansible-navigator.yaml' and '/home/amsoh/.ansible-navigator.json'
2023-03-20T03:29:18.448072+00:00 DEBUG 'ansible_navigator.main' Found 0: 
2023-03-20T03:29:18.448094+00:00 DEBUG 'ansible_navigator.main' Looking in /home/amsoh/Documents/Amy/VSC/AAPonazure/AAPonazure
2023-03-20T03:29:18.448116+00:00 DEBUG 'ansible_navigator.main' Looking for '/home/amsoh/Documents/Amy/VSC/AAPonazure/AAPonazure/ansible-navigator.yml', '/home/amsoh/Documents/Amy/VSC/AAPonazure/AAPonazure/ansible-navigator.yaml' and '/home/amsoh/Documents/Amy/VSC/AAPonazure/AAPonazure/ansible-navigator.json'
2023-03-20T03:29:18.448139+00:00 DEBUG 'ansible_navigator.main' Found 0: 
2023-03-20T03:29:18.448164+00:00 DEBUG 'ansible_navigator.main' All found 0: 
2023-03-20T03:29:18.448190+00:00 DEBUG 'ansible_navigator.main' Using: None
2023-03-20T03:29:18.448217+00:00 DEBUG 'ansible_navigator.main' No valid settings file found, using all default values for settings.
2023-03-20T03:29:18.448243+00:00 DEBUG 'ansible_navigator.main' Command provided: 'run -m aaponazure.yml'
2023-03-20T03:29:18.448269+00:00 DEBUG 'ansible_navigator.main' EE support enabled: using current working directory for 'ansible.cfg'
2023-03-20T03:29:18.448295+00:00 INFO 'ansible_navigator.main' EE support enabled: no 'ansible.cfg' found in current working directory. Tried /home/amsoh/Documents/Amy/VSC/AAPonazure/AAPonazure/ansible.cfg
2023-03-20T03:29:18.448319+00:00 DEBUG 'ansible_navigator.main' Completed post processing for ansible_runner_artifact_dir. (changed=False)
2023-03-20T03:29:18.448347+00:00 DEBUG 'ansible_navigator.main' Completed post processing for ansible_runner_rotate_artifacts_count. (changed=False)
2023-03-20T03:29:18.448364+00:00 DEBUG 'ansible_navigator.main' Completed post processing for ansible_runner_timeout. (changed=False)
2023-03-20T03:29:18.448380+00:00 DEBUG 'ansible_navigator.main' Completed post processing for cmdline. (changed=False)
2023-03-20T03:29:18.448397+00:00 DEBUG 'ansible_navigator.main' Completed post processing for collection_doc_cache_path. (changed=False)
2023-03-20T03:29:18.448413+00:00 DEBUG 'ansible_navigator.main' Completed post processing for container_engine. (changed=False)
2023-03-20T03:29:18.448429+00:00 DEBUG 'ansible_navigator.main' Completed post processing for container_options. (changed=False)
2023-03-20T03:29:18.448445+00:00 DEBUG 'ansible_navigator.main' Completed post processing for display_color. (changed=False)
2023-03-20T03:29:18.448460+00:00 DEBUG 'ansible_navigator.main' Completed post processing for execution_environment. (changed=False)
2023-03-20T03:29:18.448476+00:00 DEBUG 'ansible_navigator.main' Completed post processing for execution_environment_image. (changed=False)
2023-03-20T03:29:18.448495+00:00 DEBUG 'ansible_navigator.main' Completed post processing for help_builder. (changed=False)
2023-03-20T03:29:18.448511+00:00 DEBUG 'ansible_navigator.main' Completed post processing for help_config. (changed=False)
2023-03-20T03:29:18.448527+00:00 DEBUG 'ansible_navigator.main' Completed post processing for help_doc. (changed=False)
2023-03-20T03:29:18.448542+00:00 DEBUG 'ansible_navigator.main' Completed post processing for help_inventory. (changed=False)
2023-03-20T03:29:18.448558+00:00 DEBUG 'ansible_navigator.main' Completed post processing for help_playbook. (changed=False)
2023-03-20T03:29:18.448573+00:00 DEBUG 'ansible_navigator.main' Completed post processing for images_details. (changed=False)
2023-03-20T03:29:18.448589+00:00 DEBUG 'ansible_navigator.main' Completed post processing for inventory. (changed=False)
2023-03-20T03:29:18.448603+00:00 DEBUG 'ansible_navigator.main' Completed post processing for inventory_column. (changed=False)
2023-03-20T03:29:18.448618+00:00 DEBUG 'ansible_navigator.main' Completed post processing for log_file. (changed=False)
2023-03-20T03:29:18.448634+00:00 DEBUG 'ansible_navigator.main' Completed post processing for pass_environment_variable. (changed=False)
2023-03-20T03:29:18.448649+00:00 DEBUG 'ansible_navigator.main' Completed post processing for playbook. (changed=False)
2023-03-20T03:29:18.448665+00:00 DEBUG 'ansible_navigator.main' Completed post processing for playbook_artifact_replay. (changed=False)
2023-03-20T03:29:18.448680+00:00 DEBUG 'ansible_navigator.main' Completed post processing for playbook_artifact_save_as. (changed=False)
2023-03-20T03:29:18.448696+00:00 DEBUG 'ansible_navigator.main' Completed post processing for plugin_name. (changed=False)
2023-03-20T03:29:18.448711+00:00 DEBUG 'ansible_navigator.main' Completed post processing for pull_arguments. (changed=False)
2023-03-20T03:29:18.448726+00:00 DEBUG 'ansible_navigator.main' Completed post processing for set_environment_variable. (changed=False)
2023-03-20T03:29:18.448741+00:00 DEBUG 'ansible_navigator.main' Completed post processing for settings_effective. (changed=False)
2023-03-20T03:29:18.448756+00:00 DEBUG 'ansible_navigator.main' Completed post processing for settings_sample. (changed=False)
2023-03-20T03:29:18.448772+00:00 DEBUG 'ansible_navigator.main' Completed post processing for settings_schema. (changed=False)
2023-03-20T03:29:18.448787+00:00 DEBUG 'ansible_navigator.main' Completed post processing for settings_sources. (changed=False)
2023-03-20T03:29:18.448803+00:00 DEBUG 'ansible_navigator.main' Completed post processing for time_zone. (changed=False)
2023-03-20T03:29:18.448818+00:00 DEBUG 'ansible_navigator.main' Completed post processing for execution_environment_volume_mounts. (changed=False)
2023-03-20T03:29:18.448834+00:00 DEBUG 'ansible_navigator.main' Completed post processing for mode. (changed=False)
2023-03-20T03:29:18.448853+00:00 WARNING 'ansible_navigator.main' Configuration errors encountered, rolling back to previous configuration.
2023-03-20T03:29:18.448870+00:00 DEBUG 'ansible_navigator.main' Prior to rollback: ansible_runner_artifact_dir = 'Not set' (Constants/Not set)
2023-03-20T03:29:18.448885+00:00 DEBUG 'ansible_navigator.main' Prior to rollback: ansible_runner_rotate_artifacts_count = 'Not set' (Constants/Not set)
2023-03-20T03:29:18.448901+00:00 DEBUG 'ansible_navigator.main' Prior to rollback: ansible_runner_timeout = 'Not set' (Constants/Not set)
2023-03-20T03:29:18.448916+00:00 DEBUG 'ansible_navigator.main' Prior to rollback: app = 'run' (str/Command line)
2023-03-20T03:29:18.448932+00:00 DEBUG 'ansible_navigator.main' Prior to rollback: cmdline = 'Not set' (Constants/Not set)
2023-03-20T03:29:18.448947+00:00 DEBUG 'ansible_navigator.main' Prior to rollback: collection_doc_cache_path = '/home/amsoh/.cache/ansible-navigator/collection_doc_cache.db' (str/Defaults)
2023-03-20T03:29:18.448962+00:00 DEBUG 'ansible_navigator.main' Prior to rollback: config = 'Not set' (Constants/Not set)
2023-03-20T03:29:18.448979+00:00 DEBUG 'ansible_navigator.main' Prior to rollback: container_engine = 'auto' (str/Defaults)
2023-03-20T03:29:18.448996+00:00 DEBUG 'ansible_navigator.main' Prior to rollback: container_options = 'Not set' (Constants/Not set)
2023-03-20T03:29:18.449011+00:00 DEBUG 'ansible_navigator.main' Prior to rollback: display_color = 'True' (bool/Defaults)
2023-03-20T03:29:18.449026+00:00 DEBUG 'ansible_navigator.main' Prior to rollback: editor_command = 'vi +{line_number} {filename}' (str/Defaults)
2023-03-20T03:29:18.449041+00:00 DEBUG 'ansible_navigator.main' Prior to rollback: editor_console = 'True' (bool/Defaults)
2023-03-20T03:29:18.449055+00:00 DEBUG 'ansible_navigator.main' Prior to rollback: exec_command = '/bin/bash' (str/Defaults)
2023-03-20T03:29:18.449070+00:00 DEBUG 'ansible_navigator.main' Prior to rollback: exec_shell = 'True' (bool/Defaults)
2023-03-20T03:29:18.449085+00:00 DEBUG 'ansible_navigator.main' Prior to rollback: execution_environment = 'True' (bool/Defaults)
2023-03-20T03:29:18.449100+00:00 DEBUG 'ansible_navigator.main' Prior to rollback: execution_environment_image = 'quay.io/ansible/creator-ee:v0.9.1' (str/Defaults)
2023-03-20T03:29:18.449115+00:00 DEBUG 'ansible_navigator.main' Prior to rollback: execution_environment_volume_mounts = 'Not set' (Constants/Not set)
2023-03-20T03:29:18.449130+00:00 DEBUG 'ansible_navigator.main' Prior to rollback: help_builder = 'False' (bool/Defaults)
2023-03-20T03:29:18.449145+00:00 DEBUG 'ansible_navigator.main' Prior to rollback: help_config = 'False' (bool/Defaults)
2023-03-20T03:29:18.449160+00:00 DEBUG 'ansible_navigator.main' Prior to rollback: help_doc = 'False' (bool/Defaults)
2023-03-20T03:29:18.449175+00:00 DEBUG 'ansible_navigator.main' Prior to rollback: help_inventory = 'False' (bool/Defaults)
2023-03-20T03:29:18.449190+00:00 DEBUG 'ansible_navigator.main' Prior to rollback: help_playbook = 'False' (bool/Defaults)
2023-03-20T03:29:18.449204+00:00 DEBUG 'ansible_navigator.main' Prior to rollback: images_details = '['everything']' (list/Defaults)
2023-03-20T03:29:18.449219+00:00 DEBUG 'ansible_navigator.main' Prior to rollback: inventory = 'Not set' (Constants/Not set)
2023-03-20T03:29:18.449234+00:00 DEBUG 'ansible_navigator.main' Prior to rollback: inventory_column = 'Not set' (Constants/Not set)
2023-03-20T03:29:18.449248+00:00 DEBUG 'ansible_navigator.main' Prior to rollback: lint_config = 'Not set' (Constants/Not set)
2023-03-20T03:29:18.449263+00:00 DEBUG 'ansible_navigator.main' Prior to rollback: lintables = 'Not set' (Constants/Not set)
2023-03-20T03:29:18.449278+00:00 DEBUG 'ansible_navigator.main' Prior to rollback: log_append = 'True' (bool/Defaults)
2023-03-20T03:29:18.449293+00:00 DEBUG 'ansible_navigator.main' Prior to rollback: log_file = '/home/amsoh/Documents/Amy/VSC/AAPonazure/AAPonazure/ansible-navigator.log' (str/Defaults)
2023-03-20T03:29:18.449308+00:00 DEBUG 'ansible_navigator.main' Prior to rollback: log_level = 'warning' (str/Defaults)
2023-03-20T03:29:18.449327+00:00 DEBUG 'ansible_navigator.main' Prior to rollback: mode = 'aaponazure.yml' (str/Command line)
2023-03-20T03:29:18.449344+00:00 DEBUG 'ansible_navigator.main' Prior to rollback: osc4 = 'True' (bool/Defaults)
2023-03-20T03:29:18.449361+00:00 DEBUG 'ansible_navigator.main' Prior to rollback: pass_environment_variable = 'Not set' (Constants/Not set)
2023-03-20T03:29:18.449377+00:00 DEBUG 'ansible_navigator.main' Prior to rollback: playbook = 'Not set' (Constants/Not set)
2023-03-20T03:29:18.449392+00:00 DEBUG 'ansible_navigator.main' Prior to rollback: playbook_artifact_enable = 'True' (bool/Defaults)
2023-03-20T03:29:18.449408+00:00 DEBUG 'ansible_navigator.main' Prior to rollback: playbook_artifact_replay = 'Not set' (Constants/Not set)
2023-03-20T03:29:18.449423+00:00 DEBUG 'ansible_navigator.main' Prior to rollback: playbook_artifact_save_as = '{playbook_dir}/{playbook_name}-artifact-{time_stamp}.json' (str/Defaults)
2023-03-20T03:29:18.449438+00:00 DEBUG 'ansible_navigator.main' Prior to rollback: plugin_name = 'Not set' (Constants/Not set)
2023-03-20T03:29:18.449457+00:00 DEBUG 'ansible_navigator.main' Prior to rollback: plugin_type = 'module' (str/Defaults)
2023-03-20T03:29:18.449474+00:00 DEBUG 'ansible_navigator.main' Prior to rollback: pull_arguments = 'Not set' (Constants/Not set)
2023-03-20T03:29:18.449489+00:00 DEBUG 'ansible_navigator.main' Prior to rollback: pull_policy = 'tag' (str/Defaults)
2023-03-20T03:29:18.449503+00:00 DEBUG 'ansible_navigator.main' Prior to rollback: set_environment_variable = 'Not set' (Constants/Not set)
2023-03-20T03:29:18.449518+00:00 DEBUG 'ansible_navigator.main' Prior to rollback: settings_effective = 'False' (bool/Defaults)
2023-03-20T03:29:18.449533+00:00 DEBUG 'ansible_navigator.main' Prior to rollback: settings_sample = 'False' (bool/Defaults)
2023-03-20T03:29:18.449548+00:00 DEBUG 'ansible_navigator.main' Prior to rollback: settings_schema = 'json' (str/Defaults)
2023-03-20T03:29:18.449563+00:00 DEBUG 'ansible_navigator.main' Prior to rollback: settings_sources = 'False' (bool/Defaults)
2023-03-20T03:29:18.449578+00:00 DEBUG 'ansible_navigator.main' Prior to rollback: time_zone = 'UTC' (str/Defaults)
2023-03-20T03:29:18.449592+00:00 DEBUG 'ansible_navigator.main' Prior to rollback: workdir = '/home/amsoh/Documents/Amy/VSC/AAPonazure/AAPonazure' (str/Defaults)
2023-03-20T03:29:18.449607+00:00 DEBUG 'ansible_navigator.main' After rollback: ansible_runner_artifact_dir = 'Not set' (Constants/Not set)
2023-03-20T03:29:18.449622+00:00 DEBUG 'ansible_navigator.main' After rollback: ansible_runner_rotate_artifacts_count = 'Not set' (Constants/Not set)
2023-03-20T03:29:18.449637+00:00 DEBUG 'ansible_navigator.main' After rollback: ansible_runner_timeout = 'Not set' (Constants/Not set)
2023-03-20T03:29:18.449652+00:00 DEBUG 'ansible_navigator.main' After rollback: app = 'Not set' (Constants/Not set)
2023-03-20T03:29:18.449666+00:00 DEBUG 'ansible_navigator.main' After rollback: cmdline = 'Not set' (Constants/Not set)
2023-03-20T03:29:18.449681+00:00 DEBUG 'ansible_navigator.main' After rollback: collection_doc_cache_path = 'Not set' (Constants/Not set)
2023-03-20T03:29:18.449696+00:00 DEBUG 'ansible_navigator.main' After rollback: config = 'Not set' (Constants/Not set)
2023-03-20T03:29:18.449710+00:00 DEBUG 'ansible_navigator.main' After rollback: container_engine = 'Not set' (Constants/Not set)
2023-03-20T03:29:18.449725+00:00 DEBUG 'ansible_navigator.main' After rollback: container_options = 'Not set' (Constants/Not set)
2023-03-20T03:29:18.449741+00:00 DEBUG 'ansible_navigator.main' After rollback: display_color = 'Not set' (Constants/Not set)
2023-03-20T03:29:18.449755+00:00 DEBUG 'ansible_navigator.main' After rollback: editor_command = 'Not set' (Constants/Not set)
2023-03-20T03:29:18.449770+00:00 DEBUG 'ansible_navigator.main' After rollback: editor_console = 'Not set' (Constants/Not set)
2023-03-20T03:29:18.449785+00:00 DEBUG 'ansible_navigator.main' After rollback: exec_command = 'Not set' (Constants/Not set)
2023-03-20T03:29:18.449800+00:00 DEBUG 'ansible_navigator.main' After rollback: exec_shell = 'Not set' (Constants/Not set)
2023-03-20T03:29:18.449816+00:00 DEBUG 'ansible_navigator.main' After rollback: execution_environment = 'Not set' (Constants/Not set)
2023-03-20T03:29:18.449831+00:00 DEBUG 'ansible_navigator.main' After rollback: execution_environment_image = 'Not set' (Constants/Not set)
2023-03-20T03:29:18.449847+00:00 DEBUG 'ansible_navigator.main' After rollback: execution_environment_volume_mounts = 'Not set' (Constants/Not set)
2023-03-20T03:29:18.449861+00:00 DEBUG 'ansible_navigator.main' After rollback: help_builder = 'Not set' (Constants/Not set)
2023-03-20T03:29:18.449877+00:00 DEBUG 'ansible_navigator.main' After rollback: help_config = 'Not set' (Constants/Not set)
2023-03-20T03:29:18.449892+00:00 DEBUG 'ansible_navigator.main' After rollback: help_doc = 'Not set' (Constants/Not set)
2023-03-20T03:29:18.449908+00:00 DEBUG 'ansible_navigator.main' After rollback: help_inventory = 'Not set' (Constants/Not set)
2023-03-20T03:29:18.449923+00:00 DEBUG 'ansible_navigator.main' After rollback: help_playbook = 'Not set' (Constants/Not set)
2023-03-20T03:29:18.449939+00:00 DEBUG 'ansible_navigator.main' After rollback: images_details = 'Not set' (Constants/Not set)
2023-03-20T03:29:18.449954+00:00 DEBUG 'ansible_navigator.main' After rollback: inventory = 'Not set' (Constants/Not set)
2023-03-20T03:29:18.449969+00:00 DEBUG 'ansible_navigator.main' After rollback: inventory_column = 'Not set' (Constants/Not set)
2023-03-20T03:29:18.449984+00:00 DEBUG 'ansible_navigator.main' After rollback: lint_config = 'Not set' (Constants/Not set)
2023-03-20T03:29:18.449999+00:00 DEBUG 'ansible_navigator.main' After rollback: lintables = 'Not set' (Constants/Not set)
2023-03-20T03:29:18.450014+00:00 DEBUG 'ansible_navigator.main' After rollback: log_append = 'Not set' (Constants/Not set)
2023-03-20T03:29:18.450029+00:00 DEBUG 'ansible_navigator.main' After rollback: log_file = 'Not set' (Constants/Not set)
2023-03-20T03:29:18.450043+00:00 DEBUG 'ansible_navigator.main' After rollback: log_level = 'Not set' (Constants/Not set)
2023-03-20T03:29:18.450058+00:00 DEBUG 'ansible_navigator.main' After rollback: mode = 'Not set' (Constants/Not set)
2023-03-20T03:29:18.450074+00:00 DEBUG 'ansible_navigator.main' After rollback: osc4 = 'Not set' (Constants/Not set)
2023-03-20T03:29:18.450089+00:00 DEBUG 'ansible_navigator.main' After rollback: pass_environment_variable = 'Not set' (Constants/Not set)
2023-03-20T03:29:18.450104+00:00 DEBUG 'ansible_navigator.main' After rollback: playbook = 'Not set' (Constants/Not set)
2023-03-20T03:29:18.450119+00:00 DEBUG 'ansible_navigator.main' After rollback: playbook_artifact_enable = 'Not set' (Constants/Not set)
2023-03-20T03:29:18.450134+00:00 DEBUG 'ansible_navigator.main' After rollback: playbook_artifact_replay = 'Not set' (Constants/Not set)
2023-03-20T03:29:18.450149+00:00 DEBUG 'ansible_navigator.main' After rollback: playbook_artifact_save_as = 'Not set' (Constants/Not set)
2023-03-20T03:29:18.450163+00:00 DEBUG 'ansible_navigator.main' After rollback: plugin_name = 'Not set' (Constants/Not set)
2023-03-20T03:29:18.450178+00:00 DEBUG 'ansible_navigator.main' After rollback: plugin_type = 'Not set' (Constants/Not set)
2023-03-20T03:29:18.450193+00:00 DEBUG 'ansible_navigator.main' After rollback: pull_arguments = 'Not set' (Constants/Not set)
2023-03-20T03:29:18.450208+00:00 DEBUG 'ansible_navigator.main' After rollback: pull_policy = 'Not set' (Constants/Not set)
2023-03-20T03:29:18.450223+00:00 DEBUG 'ansible_navigator.main' After rollback: set_environment_variable = 'Not set' (Constants/Not set)
2023-03-20T03:29:18.450238+00:00 DEBUG 'ansible_navigator.main' After rollback: settings_effective = 'Not set' (Constants/Not set)
2023-03-20T03:29:18.450253+00:00 DEBUG 'ansible_navigator.main' After rollback: settings_sample = 'Not set' (Constants/Not set)
2023-03-20T03:29:18.450268+00:00 DEBUG 'ansible_navigator.main' After rollback: settings_schema = 'Not set' (Constants/Not set)
2023-03-20T03:29:18.450282+00:00 DEBUG 'ansible_navigator.main' After rollback: settings_sources = 'Not set' (Constants/Not set)
2023-03-20T03:29:18.450297+00:00 DEBUG 'ansible_navigator.main' After rollback: time_zone = 'Not set' (Constants/Not set)
2023-03-20T03:29:18.450312+00:00 DEBUG 'ansible_navigator.main' After rollback: workdir = 'Not set' (Constants/Not set)
2023-03-20T03:29:18.450333+00:00 DEBUG 'ansible_navigator.main' Configuration rollback complete.
2023-03-20T03:29:18.450350+00:00 DEBUG 'ansible_navigator.main' Collection doc cache not mounted
2023-03-20T03:29:18.450373+00:00 WARNING 'ansible_navigator.main' Issues were found while applying the settings.
2023-03-20T03:29:18.450392+00:00 INFO 'ansible_navigator.main' Command provided: 'run -m aaponazure.yml'
2023-03-20T03:29:18.450413+00:00 ERROR 'ansible_navigator.main' No container engine could be found: 'auto', set by 'Defaults'
2023-03-20T03:29:18.450432+00:00 INFO 'ansible_navigator.main' Try installing 'podman' or 'docker'
2023-03-20T03:29:18.450450+00:00 ERROR 'ansible_navigator.main' A playbook is required when using the run subcommand
2023-03-20T03:29:18.450470+00:00 INFO 'ansible_navigator.main' Try again with 'run <playbook name>'
2023-03-20T03:29:18.450488+00:00 ERROR 'ansible_navigator.main' The setting 'mode' must be one of 'stdout' or 'interactive', but set as 'aaponazure.yml'. (Command line)
2023-03-20T03:29:18.450505+00:00 INFO 'ansible_navigator.main' Try again with '-m stdout' or '-m interactive'
2023-03-20T03:29:18.450522+00:00 INFO 'ansible_navigator.main' Configuration failed, using default log file location. (/home/amsoh/Documents/Amy/VSC/AAPonazure/AAPonazure/ansible-navigator.log) Log level set to debug
2023-03-20T03:29:18.450540+00:00 INFO 'ansible_navigator.main' Review the hints and log file to see what went wrong.
2023-03-20T03:29:20.124844+00:00 INFO 'ansible_navigator.setup_logger' New ansible-navigator instance, logging initialized
2023-03-20T03:29:20.125063+00:00 INFO 'ansible_navigator.setup_logger' New ansible-runner instance, logging initialized
2023-03-20T03:29:20.125103+00:00 DEBUG 'ansible_navigator.main' ansible-builder==1.2.0 /home/amsoh/.local/lib/python3.9/site-packages
2023-03-20T03:29:20.125127+00:00 DEBUG 'ansible_navigator.main' ansible-core==2.13.3 /usr/lib/python3.9/site-packages
2023-03-20T03:29:20.125149+00:00 DEBUG 'ansible_navigator.main' ansible-navigator==2.2.0 /home/amsoh/.local/lib/python3.9/site-packages
2023-03-20T03:29:20.125168+00:00 DEBUG 'ansible_navigator.main' ansible-runner==2.3.2 /home/amsoh/.local/lib/python3.9/site-packages
2023-03-20T03:29:20.125186+00:00 DEBUG 'ansible_navigator.main' attrs==22.2.0 /home/amsoh/.local/lib/python3.9/site-packages
2023-03-20T03:29:20.125203+00:00 DEBUG 'ansible_navigator.main' bindep==2.11.0 /home/amsoh/.local/lib/python3.9/site-packages
2023-03-20T03:29:20.125220+00:00 DEBUG 'ansible_navigator.main' cffi==1.14.3 /usr/lib64/python3.9/site-packages
2023-03-20T03:29:20.125238+00:00 DEBUG 'ansible_navigator.main' cryptography==3.3.1 /usr/lib64/python3.9/site-packages
2023-03-20T03:29:20.125255+00:00 DEBUG 'ansible_navigator.main' distro==1.8.0 /home/amsoh/.local/lib/python3.9/site-packages
2023-03-20T03:29:20.125272+00:00 DEBUG 'ansible_navigator.main' docutils==0.19 /home/amsoh/.local/lib/python3.9/site-packages
2023-03-20T03:29:20.125288+00:00 DEBUG 'ansible_navigator.main' idna==2.10 /usr/lib/python3.9/site-packages
2023-03-20T03:29:20.125304+00:00 DEBUG 'ansible_navigator.main' jinja2==3.1.2 /home/amsoh/.local/lib/python3.9/site-packages
2023-03-20T03:29:20.125325+00:00 DEBUG 'ansible_navigator.main' jsonschema==4.17.3 /home/amsoh/.local/lib/python3.9/site-packages
2023-03-20T03:29:20.125347+00:00 DEBUG 'ansible_navigator.main' lockfile==0.12.2 /home/amsoh/.local/lib/python3.9/site-packages
2023-03-20T03:29:20.125363+00:00 DEBUG 'ansible_navigator.main' markupsafe==2.1.2 /home/amsoh/.local/lib/python3.9/site-packages
2023-03-20T03:29:20.125379+00:00 DEBUG 'ansible_navigator.main' onigurumacffi==1.2.0 /home/amsoh/.local/lib/python3.9/site-packages
2023-03-20T03:29:20.125396+00:00 DEBUG 'ansible_navigator.main' packaging==23.0 /home/amsoh/.local/lib/python3.9/site-packages
2023-03-20T03:29:20.125412+00:00 DEBUG 'ansible_navigator.main' parsley==1.3 /home/amsoh/.local/lib/python3.9/site-packages
2023-03-20T03:29:20.125428+00:00 DEBUG 'ansible_navigator.main' pbr==5.11.1 /home/amsoh/.local/lib/python3.9/site-packages
2023-03-20T03:29:20.125445+00:00 DEBUG 'ansible_navigator.main' pexpect==4.8.0 /home/amsoh/.local/lib/python3.9/site-packages
2023-03-20T03:29:20.125460+00:00 DEBUG 'ansible_navigator.main' pip==20.2.4 /usr/lib/python3.9/site-packages
2023-03-20T03:29:20.125475+00:00 DEBUG 'ansible_navigator.main' ply==3.11 /usr/lib/python3.9/site-packages
2023-03-20T03:29:20.125491+00:00 DEBUG 'ansible_navigator.main' ptyprocess==0.7.0 /home/amsoh/.local/lib/python3.9/site-packages
2023-03-20T03:29:20.125507+00:00 DEBUG 'ansible_navigator.main' pycparser==2.20 /usr/lib/python3.9/site-packages
2023-03-20T03:29:20.125523+00:00 DEBUG 'ansible_navigator.main' pyrsistent==0.19.3 /home/amsoh/.local/lib/python3.9/site-packages
2023-03-20T03:29:20.125539+00:00 DEBUG 'ansible_navigator.main' python-daemon==3.0.1 /home/amsoh/.local/lib/python3.9/site-packages
2023-03-20T03:29:20.125558+00:00 DEBUG 'ansible_navigator.main' pyyaml==5.4.1 /usr/lib64/python3.9/site-packages
2023-03-20T03:29:20.125574+00:00 DEBUG 'ansible_navigator.main' requirements-parser==0.5.0 /home/amsoh/.local/lib/python3.9/site-packages
2023-03-20T03:29:20.125590+00:00 DEBUG 'ansible_navigator.main' setuptools==67.6.0 /home/amsoh/.local/lib/python3.9/site-packages
2023-03-20T03:29:20.125606+00:00 DEBUG 'ansible_navigator.main' six==1.15.0 /usr/lib/python3.9/site-packages
2023-03-20T03:29:20.125622+00:00 DEBUG 'ansible_navigator.main' types-setuptools==67.6.0.5 /home/amsoh/.local/lib/python3.9/site-packages
2023-03-20T03:29:20.125638+00:00 DEBUG 'ansible_navigator.main' tzdata==2022.7 /home/amsoh/.local/lib/python3.9/site-packages
2023-03-20T03:29:20.125654+00:00 DEBUG 'ansible_navigator.main' Share directory '/home/amsoh/.local/lib/python3.9/share/ansible_navigator' not found (development path)
2023-03-20T03:29:20.125670+00:00 DEBUG 'ansible_navigator.main' Share directory '/home/amsoh/.local/share/ansible_navigator' found (userbase)
2023-03-20T03:29:20.125685+00:00 DEBUG 'ansible_navigator.main' Default collection_doc_cache_path set to: /home/amsoh/.cache/ansible-navigator/collection_doc_cache.db
2023-03-20T03:29:20.125701+00:00 DEBUG 'ansible_navigator.main' EDITOR environment variable not set
2023-03-20T03:29:20.125718+00:00 DEBUG 'ansible_navigator.main' Default editor_command set to: vi +{line_number} {filename}
2023-03-20T03:29:20.125734+00:00 DEBUG 'ansible_navigator.main' No config file set by ANSIBLE_NAVIGATOR_CONFIG
2023-03-20T03:29:20.125750+00:00 DEBUG 'ansible_navigator.main' Looking in /home/amsoh
2023-03-20T03:29:20.125766+00:00 DEBUG 'ansible_navigator.main' Looking for '/home/amsoh/.ansible-navigator.yml', '/home/amsoh/.ansible-navigator.yaml' and '/home/amsoh/.ansible-navigator.json'
2023-03-20T03:29:20.125782+00:00 DEBUG 'ansible_navigator.main' Found 0: 
2023-03-20T03:29:20.125800+00:00 DEBUG 'ansible_navigator.main' Looking in /home/amsoh/Documents/Amy/VSC/AAPonazure/AAPonazure
2023-03-20T03:29:20.125816+00:00 DEBUG 'ansible_navigator.main' Looking for '/home/amsoh/Documents/Amy/VSC/AAPonazure/AAPonazure/ansible-navigator.yml', '/home/amsoh/Documents/Amy/VSC/AAPonazure/AAPonazure/ansible-navigator.yaml' and '/home/amsoh/Documents/Amy/VSC/AAPonazure/AAPonazure/ansible-navigator.json'
2023-03-20T03:29:20.125833+00:00 DEBUG 'ansible_navigator.main' Found 0: 
2023-03-20T03:29:20.125849+00:00 DEBUG 'ansible_navigator.main' All found 0: 
2023-03-20T03:29:20.125865+00:00 DEBUG 'ansible_navigator.main' Using: None
2023-03-20T03:29:20.125881+00:00 DEBUG 'ansible_navigator.main' No valid settings file found, using all default values for settings.
2023-03-20T03:29:20.125896+00:00 DEBUG 'ansible_navigator.main' Command provided: 'run -m aaponazure.yml'
2023-03-20T03:29:20.125913+00:00 DEBUG 'ansible_navigator.main' EE support enabled: using current working directory for 'ansible.cfg'
2023-03-20T03:29:20.125929+00:00 INFO 'ansible_navigator.main' EE support enabled: no 'ansible.cfg' found in current working directory. Tried /home/amsoh/Documents/Amy/VSC/AAPonazure/AAPonazure/ansible.cfg
2023-03-20T03:29:20.125945+00:00 DEBUG 'ansible_navigator.main' Completed post processing for ansible_runner_artifact_dir. (changed=False)
2023-03-20T03:29:20.125961+00:00 DEBUG 'ansible_navigator.main' Completed post processing for ansible_runner_rotate_artifacts_count. (changed=False)
2023-03-20T03:29:20.125976+00:00 DEBUG 'ansible_navigator.main' Completed post processing for ansible_runner_timeout. (changed=False)
2023-03-20T03:29:20.125992+00:00 DEBUG 'ansible_navigator.main' Completed post processing for cmdline. (changed=False)
2023-03-20T03:29:20.126008+00:00 DEBUG 'ansible_navigator.main' Completed post processing for collection_doc_cache_path. (changed=False)
2023-03-20T03:29:20.126024+00:00 DEBUG 'ansible_navigator.main' Completed post processing for container_engine. (changed=False)
2023-03-20T03:29:20.126042+00:00 DEBUG 'ansible_navigator.main' Completed post processing for container_options. (changed=False)
2023-03-20T03:29:20.126058+00:00 DEBUG 'ansible_navigator.main' Completed post processing for display_color. (changed=False)
2023-03-20T03:29:20.126074+00:00 DEBUG 'ansible_navigator.main' Completed post processing for execution_environment. (changed=False)
2023-03-20T03:29:20.126090+00:00 DEBUG 'ansible_navigator.main' Completed post processing for execution_environment_image. (changed=False)
2023-03-20T03:29:20.126106+00:00 DEBUG 'ansible_navigator.main' Completed post processing for help_builder. (changed=False)
2023-03-20T03:29:20.126122+00:00 DEBUG 'ansible_navigator.main' Completed post processing for help_config. (changed=False)
2023-03-20T03:29:20.126137+00:00 DEBUG 'ansible_navigator.main' Completed post processing for help_doc. (changed=False)
2023-03-20T03:29:20.126154+00:00 DEBUG 'ansible_navigator.main' Completed post processing for help_inventory. (changed=False)
2023-03-20T03:29:20.126169+00:00 DEBUG 'ansible_navigator.main' Completed post processing for help_playbook. (changed=False)
2023-03-20T03:29:20.126185+00:00 DEBUG 'ansible_navigator.main' Completed post processing for images_details. (changed=False)
2023-03-20T03:29:20.126201+00:00 DEBUG 'ansible_navigator.main' Completed post processing for inventory. (changed=False)
2023-03-20T03:29:20.126217+00:00 DEBUG 'ansible_navigator.main' Completed post processing for inventory_column. (changed=False)
2023-03-20T03:29:20.126233+00:00 DEBUG 'ansible_navigator.main' Completed post processing for log_file. (changed=False)
2023-03-20T03:29:20.126250+00:00 DEBUG 'ansible_navigator.main' Completed post processing for pass_environment_variable. (changed=False)
2023-03-20T03:29:20.126266+00:00 DEBUG 'ansible_navigator.main' Completed post processing for playbook. (changed=False)
2023-03-20T03:29:20.126281+00:00 DEBUG 'ansible_navigator.main' Completed post processing for playbook_artifact_replay. (changed=False)
2023-03-20T03:29:20.126296+00:00 DEBUG 'ansible_navigator.main' Completed post processing for playbook_artifact_save_as. (changed=False)
2023-03-20T03:29:20.126312+00:00 DEBUG 'ansible_navigator.main' Completed post processing for plugin_name. (changed=False)
2023-03-20T03:29:20.126335+00:00 DEBUG 'ansible_navigator.main' Completed post processing for pull_arguments. (changed=False)
2023-03-20T03:29:20.126351+00:00 DEBUG 'ansible_navigator.main' Completed post processing for set_environment_variable. (changed=False)
2023-03-20T03:29:20.126367+00:00 DEBUG 'ansible_navigator.main' Completed post processing for settings_effective. (changed=False)
2023-03-20T03:29:20.126384+00:00 DEBUG 'ansible_navigator.main' Completed post processing for settings_sample. (changed=False)
2023-03-20T03:29:20.126400+00:00 DEBUG 'ansible_navigator.main' Completed post processing for settings_schema. (changed=False)
2023-03-20T03:29:20.126415+00:00 DEBUG 'ansible_navigator.main' Completed post processing for settings_sources. (changed=False)
2023-03-20T03:29:20.126431+00:00 DEBUG 'ansible_navigator.main' Completed post processing for time_zone. (changed=False)
2023-03-20T03:29:20.126446+00:00 DEBUG 'ansible_navigator.main' Completed post processing for execution_environment_volume_mounts. (changed=False)
2023-03-20T03:29:20.126462+00:00 DEBUG 'ansible_navigator.main' Completed post processing for mode. (changed=False)
2023-03-20T03:29:20.126480+00:00 WARNING 'ansible_navigator.main' Configuration errors encountered, rolling back to previous configuration.
2023-03-20T03:29:20.126497+00:00 DEBUG 'ansible_navigator.main' Prior to rollback: ansible_runner_artifact_dir = 'Not set' (Constants/Not set)
2023-03-20T03:29:20.126513+00:00 DEBUG 'ansible_navigator.main' Prior to rollback: ansible_runner_rotate_artifacts_count = 'Not set' (Constants/Not set)
2023-03-20T03:29:20.126529+00:00 DEBUG 'ansible_navigator.main' Prior to rollback: ansible_runner_timeout = 'Not set' (Constants/Not set)
2023-03-20T03:29:20.126545+00:00 DEBUG 'ansible_navigator.main' Prior to rollback: app = 'run' (str/Command line)
2023-03-20T03:29:20.126563+00:00 DEBUG 'ansible_navigator.main' Prior to rollback: cmdline = 'Not set' (Constants/Not set)
2023-03-20T03:29:20.126580+00:00 DEBUG 'ansible_navigator.main' Prior to rollback: collection_doc_cache_path = '/home/amsoh/.cache/ansible-navigator/collection_doc_cache.db' (str/Defaults)
2023-03-20T03:29:20.126596+00:00 DEBUG 'ansible_navigator.main' Prior to rollback: config = 'Not set' (Constants/Not set)
2023-03-20T03:29:20.126612+00:00 DEBUG 'ansible_navigator.main' Prior to rollback: container_engine = 'auto' (str/Defaults)
2023-03-20T03:29:20.126627+00:00 DEBUG 'ansible_navigator.main' Prior to rollback: container_options = 'Not set' (Constants/Not set)
2023-03-20T03:29:20.126642+00:00 DEBUG 'ansible_navigator.main' Prior to rollback: display_color = 'True' (bool/Defaults)
2023-03-20T03:29:20.126658+00:00 DEBUG 'ansible_navigator.main' Prior to rollback: editor_command = 'vi +{line_number} {filename}' (str/Defaults)
2023-03-20T03:29:20.126673+00:00 DEBUG 'ansible_navigator.main' Prior to rollback: editor_console = 'True' (bool/Defaults)
2023-03-20T03:29:20.126689+00:00 DEBUG 'ansible_navigator.main' Prior to rollback: exec_command = '/bin/bash' (str/Defaults)
2023-03-20T03:29:20.126705+00:00 DEBUG 'ansible_navigator.main' Prior to rollback: exec_shell = 'True' (bool/Defaults)
2023-03-20T03:29:20.126720+00:00 DEBUG 'ansible_navigator.main' Prior to rollback: execution_environment = 'True' (bool/Defaults)
2023-03-20T03:29:20.126737+00:00 DEBUG 'ansible_navigator.main' Prior to rollback: execution_environment_image = 'quay.io/ansible/creator-ee:v0.9.1' (str/Defaults)
2023-03-20T03:29:20.126752+00:00 DEBUG 'ansible_navigator.main' Prior to rollback: execution_environment_volume_mounts = 'Not set' (Constants/Not set)
2023-03-20T03:29:20.126771+00:00 DEBUG 'ansible_navigator.main' Prior to rollback: help_builder = 'False' (bool/Defaults)
2023-03-20T03:29:20.126786+00:00 DEBUG 'ansible_navigator.main' Prior to rollback: help_config = 'False' (bool/Defaults)
2023-03-20T03:29:20.126802+00:00 DEBUG 'ansible_navigator.main' Prior to rollback: help_doc = 'False' (bool/Defaults)
2023-03-20T03:29:20.126818+00:00 DEBUG 'ansible_navigator.main' Prior to rollback: help_inventory = 'False' (bool/Defaults)
2023-03-20T03:29:20.126834+00:00 DEBUG 'ansible_navigator.main' Prior to rollback: help_playbook = 'False' (bool/Defaults)
2023-03-20T03:29:20.126850+00:00 DEBUG 'ansible_navigator.main' Prior to rollback: images_details = '['everything']' (list/Defaults)
2023-03-20T03:29:20.126865+00:00 DEBUG 'ansible_navigator.main' Prior to rollback: inventory = 'Not set' (Constants/Not set)
2023-03-20T03:29:20.126881+00:00 DEBUG 'ansible_navigator.main' Prior to rollback: inventory_column = 'Not set' (Constants/Not set)
2023-03-20T03:29:20.126897+00:00 DEBUG 'ansible_navigator.main' Prior to rollback: lint_config = 'Not set' (Constants/Not set)
2023-03-20T03:29:20.126912+00:00 DEBUG 'ansible_navigator.main' Prior to rollback: lintables = 'Not set' (Constants/Not set)
2023-03-20T03:29:20.126928+00:00 DEBUG 'ansible_navigator.main' Prior to rollback: log_append = 'True' (bool/Defaults)
2023-03-20T03:29:20.126943+00:00 DEBUG 'ansible_navigator.main' Prior to rollback: log_file = '/home/amsoh/Documents/Amy/VSC/AAPonazure/AAPonazure/ansible-navigator.log' (str/Defaults)
2023-03-20T03:29:20.126959+00:00 DEBUG 'ansible_navigator.main' Prior to rollback: log_level = 'warning' (str/Defaults)
2023-03-20T03:29:20.126975+00:00 DEBUG 'ansible_navigator.main' Prior to rollback: mode = 'aaponazure.yml' (str/Command line)
2023-03-20T03:29:20.126991+00:00 DEBUG 'ansible_navigator.main' Prior to rollback: osc4 = 'True' (bool/Defaults)
2023-03-20T03:29:20.127006+00:00 DEBUG 'ansible_navigator.main' Prior to rollback: pass_environment_variable = 'Not set' (Constants/Not set)
2023-03-20T03:29:20.127022+00:00 DEBUG 'ansible_navigator.main' Prior to rollback: playbook = 'Not set' (Constants/Not set)
2023-03-20T03:29:20.127037+00:00 DEBUG 'ansible_navigator.main' Prior to rollback: playbook_artifact_enable = 'True' (bool/Defaults)
2023-03-20T03:29:20.127053+00:00 DEBUG 'ansible_navigator.main' Prior to rollback: playbook_artifact_replay = 'Not set' (Constants/Not set)
2023-03-20T03:29:20.127069+00:00 DEBUG 'ansible_navigator.main' Prior to rollback: playbook_artifact_save_as = '{playbook_dir}/{playbook_name}-artifact-{time_stamp}.json' (str/Defaults)
2023-03-20T03:29:20.127085+00:00 DEBUG 'ansible_navigator.main' Prior to rollback: plugin_name = 'Not set' (Constants/Not set)
2023-03-20T03:29:20.127100+00:00 DEBUG 'ansible_navigator.main' Prior to rollback: plugin_type = 'module' (str/Defaults)
2023-03-20T03:29:20.127116+00:00 DEBUG 'ansible_navigator.main' Prior to rollback: pull_arguments = 'Not set' (Constants/Not set)
2023-03-20T03:29:20.127131+00:00 DEBUG 'ansible_navigator.main' Prior to rollback: pull_policy = 'tag' (str/Defaults)
2023-03-20T03:29:20.127146+00:00 DEBUG 'ansible_navigator.main' Prior to rollback: set_environment_variable = 'Not set' (Constants/Not set)
2023-03-20T03:29:20.127162+00:00 DEBUG 'ansible_navigator.main' Prior to rollback: settings_effective = 'False' (bool/Defaults)
2023-03-20T03:29:20.127178+00:00 DEBUG 'ansible_navigator.main' Prior to rollback: settings_sample = 'False' (bool/Defaults)
2023-03-20T03:29:20.127194+00:00 DEBUG 'ansible_navigator.main' Prior to rollback: settings_schema = 'json' (str/Defaults)
2023-03-20T03:29:20.127214+00:00 DEBUG 'ansible_navigator.main' Prior to rollback: settings_sources = 'False' (bool/Defaults)
2023-03-20T03:29:20.127236+00:00 DEBUG 'ansible_navigator.main' Prior to rollback: time_zone = 'UTC' (str/Defaults)
2023-03-20T03:29:20.127253+00:00 DEBUG 'ansible_navigator.main' Prior to rollback: workdir = '/home/amsoh/Documents/Amy/VSC/AAPonazure/AAPonazure' (str/Defaults)
2023-03-20T03:29:20.127269+00:00 DEBUG 'ansible_navigator.main' After rollback: ansible_runner_artifact_dir = 'Not set' (Constants/Not set)
2023-03-20T03:29:20.127284+00:00 DEBUG 'ansible_navigator.main' After rollback: ansible_runner_rotate_artifacts_count = 'Not set' (Constants/Not set)
2023-03-20T03:29:20.127300+00:00 DEBUG 'ansible_navigator.main' After rollback: ansible_runner_timeout = 'Not set' (Constants/Not set)
2023-03-20T03:29:20.127316+00:00 DEBUG 'ansible_navigator.main' After rollback: app = 'Not set' (Constants/Not set)
2023-03-20T03:29:20.127338+00:00 DEBUG 'ansible_navigator.main' After rollback: cmdline = 'Not set' (Constants/Not set)
2023-03-20T03:29:20.127354+00:00 DEBUG 'ansible_navigator.main' After rollback: collection_doc_cache_path = 'Not set' (Constants/Not set)
2023-03-20T03:29:20.127371+00:00 DEBUG 'ansible_navigator.main' After rollback: config = 'Not set' (Constants/Not set)
2023-03-20T03:29:20.127386+00:00 DEBUG 'ansible_navigator.main' After rollback: container_engine = 'Not set' (Constants/Not set)
2023-03-20T03:29:20.127402+00:00 DEBUG 'ansible_navigator.main' After rollback: container_options = 'Not set' (Constants/Not set)
2023-03-20T03:29:20.127419+00:00 DEBUG 'ansible_navigator.main' After rollback: display_color = 'Not set' (Constants/Not set)
2023-03-20T03:29:20.127435+00:00 DEBUG 'ansible_navigator.main' After rollback: editor_command = 'Not set' (Constants/Not set)
2023-03-20T03:29:20.127451+00:00 DEBUG 'ansible_navigator.main' After rollback: editor_console = 'Not set' (Constants/Not set)
2023-03-20T03:29:20.127466+00:00 DEBUG 'ansible_navigator.main' After rollback: exec_command = 'Not set' (Constants/Not set)
2023-03-20T03:29:20.127489+00:00 DEBUG 'ansible_navigator.main' After rollback: exec_shell = 'Not set' (Constants/Not set)
2023-03-20T03:29:20.127512+00:00 DEBUG 'ansible_navigator.main' After rollback: execution_environment = 'Not set' (Constants/Not set)
2023-03-20T03:29:20.127536+00:00 DEBUG 'ansible_navigator.main' After rollback: execution_environment_image = 'Not set' (Constants/Not set)
2023-03-20T03:29:20.127561+00:00 DEBUG 'ansible_navigator.main' After rollback: execution_environment_volume_mounts = 'Not set' (Constants/Not set)
2023-03-20T03:29:20.127588+00:00 DEBUG 'ansible_navigator.main' After rollback: help_builder = 'Not set' (Constants/Not set)
2023-03-20T03:29:20.127618+00:00 DEBUG 'ansible_navigator.main' After rollback: help_config = 'Not set' (Constants/Not set)
2023-03-20T03:29:20.127644+00:00 DEBUG 'ansible_navigator.main' After rollback: help_doc = 'Not set' (Constants/Not set)
2023-03-20T03:29:20.127670+00:00 DEBUG 'ansible_navigator.main' After rollback: help_inventory = 'Not set' (Constants/Not set)
2023-03-20T03:29:20.127696+00:00 DEBUG 'ansible_navigator.main' After rollback: help_playbook = 'Not set' (Constants/Not set)
2023-03-20T03:29:20.127721+00:00 DEBUG 'ansible_navigator.main' After rollback: images_details = 'Not set' (Constants/Not set)
2023-03-20T03:29:20.127747+00:00 DEBUG 'ansible_navigator.main' After rollback: inventory = 'Not set' (Constants/Not set)
2023-03-20T03:29:20.127774+00:00 DEBUG 'ansible_navigator.main' After rollback: inventory_column = 'Not set' (Constants/Not set)
2023-03-20T03:29:20.127805+00:00 DEBUG 'ansible_navigator.main' After rollback: lint_config = 'Not set' (Constants/Not set)
2023-03-20T03:29:20.127831+00:00 DEBUG 'ansible_navigator.main' After rollback: lintables = 'Not set' (Constants/Not set)
2023-03-20T03:29:20.127858+00:00 DEBUG 'ansible_navigator.main' After rollback: log_append = 'Not set' (Constants/Not set)
2023-03-20T03:29:20.127886+00:00 DEBUG 'ansible_navigator.main' After rollback: log_file = 'Not set' (Constants/Not set)
2023-03-20T03:29:20.127913+00:00 DEBUG 'ansible_navigator.main' After rollback: log_level = 'Not set' (Constants/Not set)
2023-03-20T03:29:20.127940+00:00 DEBUG 'ansible_navigator.main' After rollback: mode = 'Not set' (Constants/Not set)
2023-03-20T03:29:20.127964+00:00 DEBUG 'ansible_navigator.main' After rollback: osc4 = 'Not set' (Constants/Not set)
2023-03-20T03:29:20.127988+00:00 DEBUG 'ansible_navigator.main' After rollback: pass_environment_variable = 'Not set' (Constants/Not set)
2023-03-20T03:29:20.128012+00:00 DEBUG 'ansible_navigator.main' After rollback: playbook = 'Not set' (Constants/Not set)
2023-03-20T03:29:20.128037+00:00 DEBUG 'ansible_navigator.main' After rollback: playbook_artifact_enable = 'Not set' (Constants/Not set)
2023-03-20T03:29:20.128063+00:00 DEBUG 'ansible_navigator.main' After rollback: playbook_artifact_replay = 'Not set' (Constants/Not set)
2023-03-20T03:29:20.128088+00:00 DEBUG 'ansible_navigator.main' After rollback: playbook_artifact_save_as = 'Not set' (Constants/Not set)
2023-03-20T03:29:20.128111+00:00 DEBUG 'ansible_navigator.main' After rollback: plugin_name = 'Not set' (Constants/Not set)
2023-03-20T03:29:20.128135+00:00 DEBUG 'ansible_navigator.main' After rollback: plugin_type = 'Not set' (Constants/Not set)
2023-03-20T03:29:20.128158+00:00 DEBUG 'ansible_navigator.main' After rollback: pull_arguments = 'Not set' (Constants/Not set)
2023-03-20T03:29:20.128181+00:00 DEBUG 'ansible_navigator.main' After rollback: pull_policy = 'Not set' (Constants/Not set)
2023-03-20T03:29:20.128202+00:00 DEBUG 'ansible_navigator.main' After rollback: set_environment_variable = 'Not set' (Constants/Not set)
2023-03-20T03:29:20.128224+00:00 DEBUG 'ansible_navigator.main' After rollback: settings_effective = 'Not set' (Constants/Not set)
2023-03-20T03:29:20.128247+00:00 DEBUG 'ansible_navigator.main' After rollback: settings_sample = 'Not set' (Constants/Not set)
2023-03-20T03:29:20.128272+00:00 DEBUG 'ansible_navigator.main' After rollback: settings_schema = 'Not set' (Constants/Not set)
2023-03-20T03:29:20.128299+00:00 DEBUG 'ansible_navigator.main' After rollback: settings_sources = 'Not set' (Constants/Not set)
2023-03-20T03:29:20.128333+00:00 DEBUG 'ansible_navigator.main' After rollback: time_zone = 'Not set' (Constants/Not set)
2023-03-20T03:29:20.128364+00:00 DEBUG 'ansible_navigator.main' After rollback: workdir = 'Not set' (Constants/Not set)
2023-03-20T03:29:20.129385+00:00 DEBUG 'ansible_navigator.main' Configuration rollback complete.
2023-03-20T03:29:20.129446+00:00 DEBUG 'ansible_navigator.main' Collection doc cache not mounted
2023-03-20T03:29:20.129492+00:00 WARNING 'ansible_navigator.main' Issues were found while applying the settings.
2023-03-20T03:29:20.129530+00:00 INFO 'ansible_navigator.main' Command provided: 'run -m aaponazure.yml'
2023-03-20T03:29:20.129572+00:00 ERROR 'ansible_navigator.main' No container engine could be found: 'auto', set by 'Defaults'
2023-03-20T03:29:20.129604+00:00 INFO 'ansible_navigator.main' Try installing 'podman' or 'docker'
2023-03-20T03:29:20.129639+00:00 ERROR 'ansible_navigator.main' A playbook is required when using the run subcommand
2023-03-20T03:29:20.129678+00:00 INFO 'ansible_navigator.main' Try again with 'run <playbook name>'
2023-03-20T03:29:20.129706+00:00 ERROR 'ansible_navigator.main' The setting 'mode' must be one of 'stdout' or 'interactive', but set as 'aaponazure.yml'. (Command line)
2023-03-20T03:29:20.129736+00:00 INFO 'ansible_navigator.main' Try again with '-m stdout' or '-m interactive'
2023-03-20T03:29:20.129767+00:00 INFO 'ansible_navigator.main' Configuration failed, using default log file location. (/home/amsoh/Documents/Amy/VSC/AAPonazure/AAPonazure/ansible-navigator.log) Log level set to debug
2023-03-20T03:29:20.129793+00:00 INFO 'ansible_navigator.main' Review the hints and log file to see what went wrong.
